<?xml version="1.0" encoding="UTF-8"?>
<testsuite xmlns:xsi="http://www.w3.org/2001/XMLSchema-instance" xsi:noNamespaceSchemaLocation="https://maven.apache.org/surefire/maven-surefire-plugin/xsd/surefire-test-report.xsd" name="TestSuite" time="121.667" tests="55" errors="0" skipped="0" failures="2">
  <properties>
[...]
</properties>
  <testcase name="Test_Login_Admin" classname="test_cases.Login_Test" time="0.006"/>
  <testcase name="Test_Login_Admin" classname="test_cases.Login_Test" time="2.385"/>
  <testcase name="Test_Login_Admin" classname="test_cases.Login_Test" time="1.696"/>
  <testcase name="Test_Login_Admin" classname="test_cases.Login_Test" time="0.423"/>
  <testcase name="Test_Login_Admin" classname="test_cases.Login_Test" time="0.258"/>
  <testcase name="Test_Login_Admin" classname="test_cases.Login_Test" time="1.087"/>
  <testcase name="Test_Login_Admin" classname="test_cases.Login_Test" time="2.139"/>
  <testcase name="Test_Login_Admin" classname="test_cases.Login_Test" time="0.18"/>
  <testcase name="Test_Login_Admin" classname="test_cases.Login_Test" time="0.001"/>
  <testcase name="Test_Login_Admin" classname="test_cases.Login_Test" time="3.48"/>
  <testcase name="Test_Login_Admin" classname="test_cases.Login_Test" time="1.705"/>
  <testcase name="Test_Login_Admin" classname="test_cases.Login_Test" time="2.009"/>
  <testcase name="Test_Login_Admin" classname="test_cases.Login_Test" time="2.955"/>
  <testcase name="Test_Login_Admin" classname="test_cases.Login_Test" time="1.899"/>
  <testcase name="Test_Login_Admin" classname="test_cases.Login_Test" time="4.081"/>
  <testcase name="Test_Login_Admin" classname="test_cases.Login_Test" time="2.56"/>
  <testcase name="Test_Login" classname="test_cases.Login_Test" time="0.009"/>
  <testcase name="Test_Login" classname="test_cases.Login_Test" time="1.578"/>
  <testcase name="Test_Login" classname="test_cases.Login_Test" time="1.298"/>
  <testcase name="Test_Login" classname="test_cases.Login_Test" time="0.654"/>
  <testcase name="Test_Login" classname="test_cases.Login_Test" time="0.301"/>
  <testcase name="Test_Login" classname="test_cases.Login_Test" time="2.003"/>
  <testcase name="Test_Login" classname="test_cases.Login_Test" time="0.468"/>
  <testcase name="Test_Login" classname="test_cases.Login_Test" time="0.67"/>
  <testcase name="Test_Login" classname="test_cases.Login_Test" time="2.345">
    <failure message="Invalid parameter:Assert match failed for https://fmlcb.shaalmi.pk/admin/dashboardand foundhttps://fmlcb.shaalmi.pk/login expected [https://fmlcb.shaalmi.pk/admin/dashboard] but found [https://fmlcb.shaalmi.pk/login]" type="java.lang.AssertionError">java.lang.AssertionError: Invalid parameter:Assert match failed for https://fmlcb.shaalmi.pk/admin/dashboardand foundhttps://fmlcb.shaalmi.pk/login expected [https://fmlcb.shaalmi.pk/admin/dashboard] but found [https://fmlcb.shaalmi.pk/login]
	at test_cases.Login_Test.Test_Login(Login_Test.java:23)
</failure>
  </testcase>
  <testcase name="Test_Login" classname="test_cases.Login_Test" time="1.035"/>
  <testcase name="Test_Login" classname="test_cases.Login_Test" time="1.006"/>
  <testcase name="Test_Login" classname="test_cases.Login_Test" time="1.359"/>
  <testcase name="Test_Login" classname="test_cases.Login_Test" time="1.176"/>
  <testcase name="Test_Login" classname="test_cases.Login_Test" time="2.006"/>
  <testcase name="Test_Login" classname="test_cases.Login_Test" time="2.072"/>
  <testcase name="Test_Login" classname="test_cases.Login_Test" time="2.464">
    <failure message="Invalid parameter:Assert match failed for https://fmlcb.shaalmi.pk/admin/dashboardand foundhttps://fmlcb.shaalmi.pk/login expected [https://fmlcb.shaalmi.pk/admin/dashboard] but found [https://fmlcb.shaalmi.pk/login]" type="java.lang.AssertionError">java.lang.AssertionError: Invalid parameter:Assert match failed for https://fmlcb.shaalmi.pk/admin/dashboardand foundhttps://fmlcb.shaalmi.pk/login expected [https://fmlcb.shaalmi.pk/admin/dashboard] but found [https://fmlcb.shaalmi.pk/login]
	at test_cases.Login_Test.Test_Login(Login_Test.java:23)
</failure>
  </testcase>
  <testcase name="Test_Login" classname="test_cases.Login_Test" time="1.122"/>
  <testcase name="Test_Login" classname="test_cases.Login_Test" time="1.125"/>
  <testcase name="Test_Login" classname="test_cases.Login_Test" time="1.434"/>
  <testcase name="Test_Login" classname="test_cases.Login_Test" time="2.291"/>
  <testcase name="Test_Login" classname="test_cases.Login_Test" time="4.938"/>
  <testcase name="Test_Login" classname="test_cases.Login_Test" time="3.769"/>
  <testcase name="Test_LogOut" classname="test_cases.Logout_Test" time="0"/>
  <testcase name="Test_LogOut" classname="test_cases.Logout_Test" time="1.398"/>
  <testcase name="Test_LogOut" classname="test_cases.Logout_Test" time="1.723"/>
  <testcase name="Test_LogOut" classname="test_cases.Logout_Test" time="1.334"/>
  <testcase name="Test_LogOut" classname="test_cases.Logout_Test" time="0"/>
  <testcase name="Test_LogOut" classname="test_cases.Logout_Test" time="2.198"/>
  <testcase name="Test_LogOut" classname="test_cases.Logout_Test" time="3.771"/>
  <testcase name="Test_LogOut" classname="test_cases.Logout_Test" time="2"/>
  <testcase name="Test_LogOut" classname="test_cases.Logout_Test" time="0"/>
  <testcase name="Test_LogOut" classname="test_cases.Logout_Test" time="1.424"/>
  <testcase name="Test_LogOut" classname="test_cases.Logout_Test" time="3.365"/>
  <testcase name="Test_LogOut" classname="test_cases.Logout_Test" time="2.002"/>
  <testcase name="Test_Transport_AddMedium" classname="test_cases.Admin_Tests" time="0"/>
  <testcase name="Test_Transport_AddMedium" classname="test_cases.Admin_Tests" time="1.84"/>
  <testcase name="Test_Transport_AddMedium" classname="test_cases.Admin_Tests" time="2.005"/>
  <testcase name="Test_Transport_AddMedium" classname="test_cases.Admin_Tests" time="3.151"/>
  <testcase name="Test_Transport_AddMedium" classname="test_cases.Admin_Tests" time="2.001"/>
</testsuite>