<?xml version="1.0" encoding="UTF-8"?>
<testsuite xmlns:xsi="http://www.w3.org/2001/XMLSchema-instance" xsi:noNamespaceSchemaLocation="https://maven.apache.org/surefire/maven-surefire-plugin/xsd/surefire-test-report.xsd" name="TestSuite" time="42.541" tests="41" errors="0" skipped="0" failures="2">
  <properties>
[...]
</properties>
  <testcase name="Test_Login" classname="test_cases.Login_Test" time="0.009"/>
  <testcase name="Test_Login" classname="test_cases.Login_Test" time="0.048"/>
  <testcase name="Test_Login" classname="test_cases.Login_Test" time="0.011"/>
  <testcase name="Test_Login" classname="test_cases.Login_Test" time="0.002"/>
  <testcase name="Test_Login" classname="test_cases.Login_Test" time="0.244"/>
  <testcase name="Test_Login" classname="test_cases.Login_Test" time="0.177"/>
  <testcase name="Test_Login" classname="test_cases.Login_Test" time="0.319"/>
  <testcase name="Test_Login" classname="test_cases.Login_Test" time="0.651"/>
  <testcase name="Test_Login" classname="test_cases.Login_Test" time="1.587">
    <failure message="Invalid parameter:Assert match failed for https://fmlcb.shaalmi.pk/admin/dashboardand foundhttps://fmlcb.shaalmi.pk/login expected [https://fmlcb.shaalmi.pk/admin/dashboard] but found [https://fmlcb.shaalmi.pk/login]" type="java.lang.AssertionError">java.lang.AssertionError: Invalid parameter:Assert match failed for https://fmlcb.shaalmi.pk/admin/dashboardand foundhttps://fmlcb.shaalmi.pk/login expected [https://fmlcb.shaalmi.pk/admin/dashboard] but found [https://fmlcb.shaalmi.pk/login]
	at test_cases.Login_Test.Test_Login(Login_Test.java:23)
</failure>
    <system-out><![CDATA[Test 'Test_Login' FAILED
Priority of this method is 0
.....
]]></system-out>
  </testcase>
  <testcase name="Test_Login" classname="test_cases.Login_Test" time="0.071"/>
  <testcase name="Test_Login" classname="test_cases.Login_Test" time="0.048"/>
  <testcase name="Test_Login" classname="test_cases.Login_Test" time="0.113"/>
  <testcase name="Test_Login" classname="test_cases.Login_Test" time="0.065"/>
  <testcase name="Test_Login" classname="test_cases.Login_Test" time="2.011"/>
  <testcase name="Test_Login" classname="test_cases.Login_Test" time="0.616"/>
  <testcase name="Test_Login" classname="test_cases.Login_Test" time="1.59">
    <failure message="Invalid parameter:Assert match failed for https://fmlcb.shaalmi.pk/admin/dashboardand foundhttps://fmlcb.shaalmi.pk/login expected [https://fmlcb.shaalmi.pk/admin/dashboard] but found [https://fmlcb.shaalmi.pk/login]" type="java.lang.AssertionError">java.lang.AssertionError: Invalid parameter:Assert match failed for https://fmlcb.shaalmi.pk/admin/dashboardand foundhttps://fmlcb.shaalmi.pk/login expected [https://fmlcb.shaalmi.pk/admin/dashboard] but found [https://fmlcb.shaalmi.pk/login]
	at test_cases.Login_Test.Test_Login(Login_Test.java:23)
</failure>
    <system-out><![CDATA[Test 'Test_Login' FAILED
Priority of this method is 0
.....
]]></system-out>
  </testcase>
  <testcase name="Test_Login" classname="test_cases.Login_Test" time="0.059"/>
  <testcase name="Test_Login" classname="test_cases.Login_Test" time="0.036"/>
  <testcase name="Test_Login" classname="test_cases.Login_Test" time="0.15"/>
  <testcase name="Test_Login" classname="test_cases.Login_Test" time="0.071"/>
  <testcase name="Test_Login" classname="test_cases.Login_Test" time="1.094"/>
  <testcase name="Test_Login" classname="test_cases.Login_Test" time="1.547"/>
  <testcase name="Test_Login_Admin" classname="test_cases.Login_Test" time="0.001"/>
  <testcase name="Test_Login_Admin" classname="test_cases.Login_Test" time="3.396"/>
  <testcase name="Test_Login_Admin" classname="test_cases.Login_Test" time="0.083"/>
  <testcase name="Test_Login_Admin" classname="test_cases.Login_Test" time="2"/>
  <testcase name="Test_Login_Admin" classname="test_cases.Login_Test" time="0.085"/>
  <testcase name="Test_Login_Admin" classname="test_cases.Login_Test" time="0.107"/>
  <testcase name="Test_Login_Admin" classname="test_cases.Login_Test" time="1.636"/>
  <testcase name="Test_Login_Admin" classname="test_cases.Login_Test" time="0.415"/>
  <testcase name="Test_Login_Admin" classname="test_cases.Login_Test" time="0"/>
  <testcase name="Test_Login_Admin" classname="test_cases.Login_Test" time="1.508"/>
  <testcase name="Test_Login_Admin" classname="test_cases.Login_Test" time="0.084"/>
  <testcase name="Test_Login_Admin" classname="test_cases.Login_Test" time="2.002"/>
  <testcase name="Test_Login_Admin" classname="test_cases.Login_Test" time="0.156"/>
  <testcase name="Test_Login_Admin" classname="test_cases.Login_Test" time="0.129"/>
  <testcase name="Test_Login_Admin" classname="test_cases.Login_Test" time="2.208"/>
  <testcase name="Test_Login_Admin" classname="test_cases.Login_Test" time="1.638"/>
  <testcase name="Test_Transport_AddMedium" classname="test_cases.Admin_Tests" time="0.001"/>
  <testcase name="Test_Transport_AddMedium" classname="test_cases.Admin_Tests" time="0.087"/>
  <testcase name="Test_Transport_AddMedium" classname="test_cases.Admin_Tests" time="0.294"/>
</testsuite>