<?xml version="1.0" encoding="UTF-8"?>
<testsuite xmlns:xsi="http://www.w3.org/2001/XMLSchema-instance" xsi:noNamespaceSchemaLocation="https://maven.apache.org/surefire/maven-surefire-plugin/xsd/surefire-test-report.xsd" name="TestSuite" time="183.015" tests="79" errors="0" skipped="0" failures="2">
  <properties>
[...]
</properties>
  <testcase name="Test_Login_Admin" classname="test_cases.Login_Test" time="0"/>
  <testcase name="Test_Login_Admin" classname="test_cases.Login_Test" time="2.807"/>
  <testcase name="Test_Login_Admin" classname="test_cases.Login_Test" time="1.65"/>
  <testcase name="Test_Login_Admin" classname="test_cases.Login_Test" time="1.15"/>
  <testcase name="Test_Login_Admin" classname="test_cases.Login_Test" time="0.58"/>
  <testcase name="Test_Login_Admin" classname="test_cases.Login_Test" time="1.3"/>
  <testcase name="Test_Login_Admin" classname="test_cases.Login_Test" time="3.15"/>
  <testcase name="Test_Login_Admin" classname="test_cases.Login_Test" time="0.03"/>
  <testcase name="Test_Login_Admin" classname="test_cases.Login_Test" time="0.003"/>
  <testcase name="Test_Login_Admin" classname="test_cases.Login_Test" time="3.272"/>
  <testcase name="Test_Login_Admin" classname="test_cases.Login_Test" time="2.12"/>
  <testcase name="Test_Login_Admin" classname="test_cases.Login_Test" time="2.003"/>
  <testcase name="Test_Login_Admin" classname="test_cases.Login_Test" time="2.79"/>
  <testcase name="Test_Login_Admin" classname="test_cases.Login_Test" time="1.682"/>
  <testcase name="Test_Login_Admin" classname="test_cases.Login_Test" time="2.061"/>
  <testcase name="Test_Login_Admin" classname="test_cases.Login_Test" time="3.33"/>
  <testcase name="Test_Login_Admin" classname="test_cases.Login_Test" time="0"/>
  <testcase name="Test_Login_Admin" classname="test_cases.Login_Test" time="2.61"/>
  <testcase name="Test_Login_Admin" classname="test_cases.Login_Test" time="2.757"/>
  <testcase name="Test_Login_Admin" classname="test_cases.Login_Test" time="2.004"/>
  <testcase name="Test_Login_Admin" classname="test_cases.Login_Test" time="1.847"/>
  <testcase name="Test_Login_Admin" classname="test_cases.Login_Test" time="1.318"/>
  <testcase name="Test_Login_Admin" classname="test_cases.Login_Test" time="3.557"/>
  <testcase name="Test_Login_Admin" classname="test_cases.Login_Test" time="2.94"/>
  <testcase name="Test_Login" classname="test_cases.Login_Test" time="0"/>
  <testcase name="Test_Login" classname="test_cases.Login_Test" time="0.85"/>
  <testcase name="Test_Login" classname="test_cases.Login_Test" time="1.228"/>
  <testcase name="Test_Login" classname="test_cases.Login_Test" time="0.12"/>
  <testcase name="Test_Login" classname="test_cases.Login_Test" time="0.883"/>
  <testcase name="Test_Login" classname="test_cases.Login_Test" time="2.005"/>
  <testcase name="Test_Login" classname="test_cases.Login_Test" time="0.36"/>
  <testcase name="Test_Login" classname="test_cases.Login_Test" time="1.02"/>
  <testcase name="Test_Login" classname="test_cases.Login_Test" time="2.702">
    <failure message="Invalid parameter:Assert match failed for https://fmlcb.shaalmi.pk/admin/dashboardand foundhttps://fmlcb.shaalmi.pk/login expected [https://fmlcb.shaalmi.pk/admin/dashboard] but found [https://fmlcb.shaalmi.pk/login]" type="java.lang.AssertionError">java.lang.AssertionError: Invalid parameter:Assert match failed for https://fmlcb.shaalmi.pk/admin/dashboardand foundhttps://fmlcb.shaalmi.pk/login expected [https://fmlcb.shaalmi.pk/admin/dashboard] but found [https://fmlcb.shaalmi.pk/login]
	at test_cases.Login_Test.Test_Login(Login_Test.java:23)
</failure>
  </testcase>
  <testcase name="Test_Login" classname="test_cases.Login_Test" time="1.683"/>
  <testcase name="Test_Login" classname="test_cases.Login_Test" time="1.37"/>
  <testcase name="Test_Login" classname="test_cases.Login_Test" time="1.55"/>
  <testcase name="Test_Login" classname="test_cases.Login_Test" time="1.898"/>
  <testcase name="Test_Login" classname="test_cases.Login_Test" time="2"/>
  <testcase name="Test_Login" classname="test_cases.Login_Test" time="2.465"/>
  <testcase name="Test_Login" classname="test_cases.Login_Test" time="2.65">
    <failure message="Invalid parameter:Assert match failed for https://fmlcb.shaalmi.pk/admin/dashboardand foundhttps://fmlcb.shaalmi.pk/login expected [https://fmlcb.shaalmi.pk/admin/dashboard] but found [https://fmlcb.shaalmi.pk/login]" type="java.lang.AssertionError">java.lang.AssertionError: Invalid parameter:Assert match failed for https://fmlcb.shaalmi.pk/admin/dashboardand foundhttps://fmlcb.shaalmi.pk/login expected [https://fmlcb.shaalmi.pk/admin/dashboard] but found [https://fmlcb.shaalmi.pk/login]
	at test_cases.Login_Test.Test_Login(Login_Test.java:23)
</failure>
  </testcase>
  <testcase name="Test_Login" classname="test_cases.Login_Test" time="1.853"/>
  <testcase name="Test_Login" classname="test_cases.Login_Test" time="5.03"/>
  <testcase name="Test_Login" classname="test_cases.Login_Test" time="2.712"/>
  <testcase name="Test_Login" classname="test_cases.Login_Test" time="1.64"/>
  <testcase name="Test_Login" classname="test_cases.Login_Test" time="4.488"/>
  <testcase name="Test_Login" classname="test_cases.Login_Test" time="2.67"/>
  <testcase name="Test_LogOut" classname="test_cases.Logout_Test" time="0"/>
  <testcase name="Test_LogOut" classname="test_cases.Logout_Test" time="2.32"/>
  <testcase name="Test_LogOut" classname="test_cases.Logout_Test" time="2.442"/>
  <testcase name="Test_LogOut" classname="test_cases.Logout_Test" time="1.015"/>
  <testcase name="Test_LogOut" classname="test_cases.Logout_Test" time="0"/>
  <testcase name="Test_LogOut" classname="test_cases.Logout_Test" time="1.497"/>
  <testcase name="Test_LogOut" classname="test_cases.Logout_Test" time="2.963"/>
  <testcase name="Test_LogOut" classname="test_cases.Logout_Test" time="2"/>
  <testcase name="Test_LogOut" classname="test_cases.Logout_Test" time="0"/>
  <testcase name="Test_LogOut" classname="test_cases.Logout_Test" time="1.475"/>
  <testcase name="Test_LogOut" classname="test_cases.Logout_Test" time="2.69"/>
  <testcase name="Test_LogOut" classname="test_cases.Logout_Test" time="2"/>
  <testcase name="Test_LogOut" classname="test_cases.Logout_Test" time="0"/>
  <testcase name="Test_LogOut" classname="test_cases.Logout_Test" time="1.551"/>
  <testcase name="Test_LogOut" classname="test_cases.Logout_Test" time="2.235"/>
  <testcase name="Test_LogOut" classname="test_cases.Logout_Test" time="2.015"/>
  <testcase name="Test_Transport_AddMedium" classname="test_cases.Admin_Tests" time="0"/>
  <testcase name="Test_Transport_AddMedium" classname="test_cases.Admin_Tests" time="1.92"/>
  <testcase name="Test_Transport_AddMedium" classname="test_cases.Admin_Tests" time="2.002"/>
  <testcase name="Test_Transport_AddMedium" classname="test_cases.Admin_Tests" time="1.623"/>
  <testcase name="Test_Transport_AddMedium" classname="test_cases.Admin_Tests" time="1.992"/>
  <testcase name="Test_Transport_AddMedium" classname="test_cases.Admin_Tests" time="1.93"/>
  <testcase name="Test_Transport_AddMedium" classname="test_cases.Admin_Tests" time="1.572"/>
  <testcase name="Test_Transport_AddMedium" classname="test_cases.Admin_Tests" time="2.003"/>
  <testcase name="Test_Transport_AddMedium" classname="test_cases.Admin_Tests" time="0.005"/>
  <testcase name="Test_Transport_AddMedium" classname="test_cases.Admin_Tests" time="3.505"/>
  <testcase name="Test_Transport_DELMedium" classname="test_cases.Admin_Tests" time="0.002"/>
  <testcase name="Test_Transport_DELMedium" classname="test_cases.Admin_Tests" time="1.392"/>
  <testcase name="Test_Transport_DELMedium" classname="test_cases.Admin_Tests" time="2.003"/>
  <testcase name="Test_Transport_DELMedium" classname="test_cases.Admin_Tests" time="2.36"/>
  <testcase name="Test_Transport_DELMedium" classname="test_cases.Admin_Tests" time="2.002"/>
  <testcase name="Test_Transport_DELMedium" classname="test_cases.Admin_Tests" time="7.278"/>
  <testcase name="Test_Transport_DELMedium" classname="test_cases.Admin_Tests" time="2.318"/>
</testsuite>