<?xml version="1.0" encoding="UTF-8"?>
<testsuite xmlns:xsi="http://www.w3.org/2001/XMLSchema-instance" xsi:noNamespaceSchemaLocation="https://maven.apache.org/surefire/maven-surefire-plugin/xsd/surefire-test-report.xsd" name="TestSuite" time="25.828" tests="45" errors="0" skipped="0" failures="31">
  <properties>
[...]
</properties>
  <testcase name="LoadBrowser" classname="all_operations.Browser_Config" time="0.009"/>
  <testcase name="LoadBrowser" classname="all_operations.Browser_Config" time="10.729">
    <failure message="Failed to find width field&#10;Build info: version: &apos;3.4.0&apos;, revision: &apos;unknown&apos;, time: &apos;unknown&apos;&#10;System info: host: &apos;DESKTOP-HR6DLCF&apos;, ip: &apos;192.168.1.192&apos;, os.name: &apos;Windows 10&apos;, os.arch: &apos;amd64&apos;, os.version: &apos;10.0&apos;, java.version: &apos;1.8.0_144&apos;&#10;Driver info: org.openqa.selenium.firefox.FirefoxDriver&#10;Capabilities [{moz:profile=C:\Users\write\AppData\Local\Temp\rust_mozprofile.nu2eHg25gTwL, rotatable=false, timeouts={implicit=0.0, pageLoad=300000.0, script=30000.0}, pageLoadStrategy=normal, platform=ANY, specificationLevel=0.0, moz:accessibilityChecks=false, acceptInsecureCerts=false, browserVersion=54.0.1, platformVersion=10.0, moz:processID=9820.0, browserName=firefox, javascriptEnabled=true, platformName=windows_nt}]&#10;Session ID: 46b084d3-a9e2-40cb-a787-1f3739c335d6" type="org.openqa.selenium.WebDriverException">org.openqa.selenium.WebDriverException: 
Failed to find width field
Build info: version: '3.4.0', revision: 'unknown', time: 'unknown'
System info: host: 'DESKTOP-HR6DLCF', ip: '192.168.1.192', os.name: 'Windows 10', os.arch: 'amd64', os.version: '10.0', java.version: '1.8.0_144'
Driver info: org.openqa.selenium.firefox.FirefoxDriver
Capabilities [{moz:profile=C:\Users\write\AppData\Local\Temp\rust_mozprofile.nu2eHg25gTwL, rotatable=false, timeouts={implicit=0.0, pageLoad=300000.0, script=30000.0}, pageLoadStrategy=normal, platform=ANY, specificationLevel=0.0, moz:accessibilityChecks=false, acceptInsecureCerts=false, browserVersion=54.0.1, platformVersion=10.0, moz:processID=9820.0, browserName=firefox, javascriptEnabled=true, platformName=windows_nt}]
Session ID: 46b084d3-a9e2-40cb-a787-1f3739c335d6
	at all_operations.Browser_Config.LoadBrowser(Browser_Config.java:75)
</failure>
    <system-out><![CDATA[[2017-08-06 01:14:54:600] [main] INFO BrowserManager - Reading https://api.github.com/repos/mozilla/geckodriver/releases to seek [wires, geckodriver]
[2017-08-06 01:14:54:915] [main] INFO BrowserManager - Latest version of [wires, geckodriver] is 0.18.0
[2017-08-06 01:14:54:937] [main] INFO BrowserManager - Exporting webdriver.gecko.driver as C:\Users\write\.m2\repository\webdriver\geckodriver\win64\0.18.0\geckodriver.exe
Test 'LoadBrowser' FAILED
Priority of this method is 0
.....
]]></system-out>
    <system-err><![CDATA[1501996498797	geckodriver	INFO	geckodriver 0.18.0
1501996498811	geckodriver	INFO	Listening on 127.0.0.1:11116
1501996499229	geckodriver::marionette	INFO	Starting browser C:\Program Files (x86)\Mozilla Firefox\firefox.exe with args ["-marionette"]
[GFX1]: Potential driver version mismatch ignored due to missing DLLs igd10umd32 v= and igd10iumd32.dll v=0.0.0.0
1501996503403	Marionette	INFO	Listening on port 53868
Aug 06, 2017 1:15:04 AM org.openqa.selenium.remote.ProtocolHandshake createSession
INFO: Detected dialect: W3C
]]></system-err>
  </testcase>
  <testcase name="LoadBrowser" classname="all_operations.Browser_Config" time="0.001"/>
  <testcase name="LoadBrowser" classname="all_operations.Browser_Config" time="6.287">
    <failure message="Failed to find width field&#10;Build info: version: &apos;3.4.0&apos;, revision: &apos;unknown&apos;, time: &apos;unknown&apos;&#10;System info: host: &apos;DESKTOP-HR6DLCF&apos;, ip: &apos;192.168.1.192&apos;, os.name: &apos;Windows 10&apos;, os.arch: &apos;amd64&apos;, os.version: &apos;10.0&apos;, java.version: &apos;1.8.0_144&apos;&#10;Driver info: org.openqa.selenium.firefox.FirefoxDriver&#10;Capabilities [{moz:profile=C:\Users\write\AppData\Local\Temp\rust_mozprofile.Y8rXWI4fLO0y, rotatable=false, timeouts={implicit=0.0, pageLoad=300000.0, script=30000.0}, pageLoadStrategy=normal, platform=ANY, specificationLevel=0.0, moz:accessibilityChecks=false, acceptInsecureCerts=false, browserVersion=54.0.1, platformVersion=10.0, moz:processID=18972.0, browserName=firefox, javascriptEnabled=true, platformName=windows_nt}]&#10;Session ID: 10ee543c-d660-4409-aacf-a2178f4532da" type="org.openqa.selenium.WebDriverException">org.openqa.selenium.WebDriverException: 
Failed to find width field
Build info: version: '3.4.0', revision: 'unknown', time: 'unknown'
System info: host: 'DESKTOP-HR6DLCF', ip: '192.168.1.192', os.name: 'Windows 10', os.arch: 'amd64', os.version: '10.0', java.version: '1.8.0_144'
Driver info: org.openqa.selenium.firefox.FirefoxDriver
Capabilities [{moz:profile=C:\Users\write\AppData\Local\Temp\rust_mozprofile.Y8rXWI4fLO0y, rotatable=false, timeouts={implicit=0.0, pageLoad=300000.0, script=30000.0}, pageLoadStrategy=normal, platform=ANY, specificationLevel=0.0, moz:accessibilityChecks=false, acceptInsecureCerts=false, browserVersion=54.0.1, platformVersion=10.0, moz:processID=18972.0, browserName=firefox, javascriptEnabled=true, platformName=windows_nt}]
Session ID: 10ee543c-d660-4409-aacf-a2178f4532da
	at all_operations.Browser_Config.LoadBrowser(Browser_Config.java:75)
</failure>
    <system-out><![CDATA[[2017-08-06 01:15:05:025] [main] INFO BrowserManager - Reading https://api.github.com/repos/mozilla/geckodriver/releases to seek [wires, geckodriver]
[2017-08-06 01:15:05:225] [main] INFO BrowserManager - Latest version of [wires, geckodriver] is 0.18.0
[2017-08-06 01:15:05:234] [main] INFO BrowserManager - Exporting webdriver.gecko.driver as C:\Users\write\.m2\repository\webdriver\geckodriver\win64\0.18.0\geckodriver.exe
Test 'LoadBrowser' FAILED
Priority of this method is 0
.....
]]></system-out>
    <system-err><![CDATA[1501996505365	geckodriver	INFO	geckodriver 0.18.0
1501996505372	geckodriver	INFO	Listening on 127.0.0.1:19817
1501996505941	geckodriver::marionette	INFO	Starting browser C:\Program Files (x86)\Mozilla Firefox\firefox.exe with args ["-marionette"]
[GFX1]: Potential driver version mismatch ignored due to missing DLLs igd10umd32 v= and igd10iumd32.dll v=0.0.0.0
1501996510422	Marionette	INFO	Listening on port 53894
Aug 06, 2017 1:15:11 AM org.openqa.selenium.remote.ProtocolHandshake createSession
INFO: Detected dialect: W3C
]]></system-err>
  </testcase>
  <testcase name="LoadBrowser" classname="all_operations.Browser_Config" time="0.001"/>
  <testcase name="LoadBrowser" classname="all_operations.Browser_Config" time="6.686">
    <failure message="Failed to find width field&#10;Build info: version: &apos;3.4.0&apos;, revision: &apos;unknown&apos;, time: &apos;unknown&apos;&#10;System info: host: &apos;DESKTOP-HR6DLCF&apos;, ip: &apos;192.168.1.192&apos;, os.name: &apos;Windows 10&apos;, os.arch: &apos;amd64&apos;, os.version: &apos;10.0&apos;, java.version: &apos;1.8.0_144&apos;&#10;Driver info: org.openqa.selenium.firefox.FirefoxDriver&#10;Capabilities [{moz:profile=C:\Users\write\AppData\Local\Temp\rust_mozprofile.mpmYDiMDlcPD, rotatable=false, timeouts={implicit=0.0, pageLoad=300000.0, script=30000.0}, pageLoadStrategy=normal, platform=ANY, specificationLevel=0.0, moz:accessibilityChecks=false, acceptInsecureCerts=false, browserVersion=54.0.1, platformVersion=10.0, moz:processID=7436.0, browserName=firefox, javascriptEnabled=true, platformName=windows_nt}]&#10;Session ID: f6c18f03-7cbc-43a1-a21a-d174b12e0e58" type="org.openqa.selenium.WebDriverException">org.openqa.selenium.WebDriverException: 
Failed to find width field
Build info: version: '3.4.0', revision: 'unknown', time: 'unknown'
System info: host: 'DESKTOP-HR6DLCF', ip: '192.168.1.192', os.name: 'Windows 10', os.arch: 'amd64', os.version: '10.0', java.version: '1.8.0_144'
Driver info: org.openqa.selenium.firefox.FirefoxDriver
Capabilities [{moz:profile=C:\Users\write\AppData\Local\Temp\rust_mozprofile.mpmYDiMDlcPD, rotatable=false, timeouts={implicit=0.0, pageLoad=300000.0, script=30000.0}, pageLoadStrategy=normal, platform=ANY, specificationLevel=0.0, moz:accessibilityChecks=false, acceptInsecureCerts=false, browserVersion=54.0.1, platformVersion=10.0, moz:processID=7436.0, browserName=firefox, javascriptEnabled=true, platformName=windows_nt}]
Session ID: f6c18f03-7cbc-43a1-a21a-d174b12e0e58
	at all_operations.Browser_Config.LoadBrowser(Browser_Config.java:75)
</failure>
    <system-out><![CDATA[[2017-08-06 01:15:11:608] [main] INFO BrowserManager - Reading https://api.github.com/repos/mozilla/geckodriver/releases to seek [wires, geckodriver]
[2017-08-06 01:15:11:829] [main] INFO BrowserManager - Latest version of [wires, geckodriver] is 0.18.0
[2017-08-06 01:15:11:835] [main] INFO BrowserManager - Exporting webdriver.gecko.driver as C:\Users\write\.m2\repository\webdriver\geckodriver\win64\0.18.0\geckodriver.exe
Test 'LoadBrowser' FAILED
Priority of this method is 0
.....
]]></system-out>
    <system-err><![CDATA[1501996511995	geckodriver	INFO	geckodriver 0.18.0
1501996512001	geckodriver	INFO	Listening on 127.0.0.1:37346
1501996512564	geckodriver::marionette	INFO	Starting browser C:\Program Files (x86)\Mozilla Firefox\firefox.exe with args ["-marionette"]
[GFX1]: Potential driver version mismatch ignored due to missing DLLs igd10umd32 v= and igd10iumd32.dll v=0.0.0.0
1501996517391	Marionette	INFO	Listening on port 53932
Aug 06, 2017 1:15:18 AM org.openqa.selenium.remote.ProtocolHandshake createSession
INFO: Detected dialect: W3C
]]></system-err>
  </testcase>
  <testcase name="Test_Login_Admin" classname="test_cases.Login_Test" time="0"/>
  <testcase name="Test_Login_Admin" classname="test_cases.Login_Test" time="0.02">
    <failure message="Unable to locate element: .fa.fa-lock&#10;For documentation on this error, please visit: http://seleniumhq.org/exceptions/no_such_element.html&#10;Build info: version: &apos;3.4.0&apos;, revision: &apos;unknown&apos;, time: &apos;unknown&apos;&#10;System info: host: &apos;DESKTOP-HR6DLCF&apos;, ip: &apos;192.168.1.192&apos;, os.name: &apos;Windows 10&apos;, os.arch: &apos;amd64&apos;, os.version: &apos;10.0&apos;, java.version: &apos;1.8.0_144&apos;&#10;Driver info: org.openqa.selenium.firefox.FirefoxDriver&#10;Capabilities [{moz:profile=C:\Users\write\AppData\Local\Temp\rust_mozprofile.nu2eHg25gTwL, rotatable=false, timeouts={implicit=0.0, pageLoad=300000.0, script=30000.0}, pageLoadStrategy=normal, platform=ANY, specificationLevel=0.0, moz:accessibilityChecks=false, acceptInsecureCerts=false, browserVersion=54.0.1, platformVersion=10.0, moz:processID=9820.0, browserName=firefox, javascriptEnabled=true, platformName=windows_nt}]&#10;Session ID: 46b084d3-a9e2-40cb-a787-1f3739c335d6&#10;*** Element info: {Using=css selector, value=.fa.fa-lock}" type="org.openqa.selenium.NoSuchElementException">org.openqa.selenium.NoSuchElementException: 
Unable to locate element: .fa.fa-lock
For documentation on this error, please visit: http://seleniumhq.org/exceptions/no_such_element.html
Build info: version: '3.4.0', revision: 'unknown', time: 'unknown'
System info: host: 'DESKTOP-HR6DLCF', ip: '192.168.1.192', os.name: 'Windows 10', os.arch: 'amd64', os.version: '10.0', java.version: '1.8.0_144'
Driver info: org.openqa.selenium.firefox.FirefoxDriver
Capabilities [{moz:profile=C:\Users\write\AppData\Local\Temp\rust_mozprofile.nu2eHg25gTwL, rotatable=false, timeouts={implicit=0.0, pageLoad=300000.0, script=30000.0}, pageLoadStrategy=normal, platform=ANY, specificationLevel=0.0, moz:accessibilityChecks=false, acceptInsecureCerts=false, browserVersion=54.0.1, platformVersion=10.0, moz:processID=9820.0, browserName=firefox, javascriptEnabled=true, platformName=windows_nt}]
Session ID: 46b084d3-a9e2-40cb-a787-1f3739c335d6
*** Element info: {Using=css selector, value=.fa.fa-lock}
	at test_cases.Login_Test.Test_Login_Admin(Login_Test.java:16)
</failure>
    <system-out><![CDATA[Test 'Test_Login_Admin' FAILED
Priority of this method is 0
.....
]]></system-out>
  </testcase>
  <testcase name="Test_Login_Admin" classname="test_cases.Login_Test" time="0.011">
    <failure message="Unable to locate element: input[class=&apos;form-control&apos;][name=&apos;email&apos;]&#10;For documentation on this error, please visit: http://seleniumhq.org/exceptions/no_such_element.html&#10;Build info: version: &apos;3.4.0&apos;, revision: &apos;unknown&apos;, time: &apos;unknown&apos;&#10;System info: host: &apos;DESKTOP-HR6DLCF&apos;, ip: &apos;192.168.1.192&apos;, os.name: &apos;Windows 10&apos;, os.arch: &apos;amd64&apos;, os.version: &apos;10.0&apos;, java.version: &apos;1.8.0_144&apos;&#10;Driver info: org.openqa.selenium.firefox.FirefoxDriver&#10;Capabilities [{moz:profile=C:\Users\write\AppData\Local\Temp\rust_mozprofile.nu2eHg25gTwL, rotatable=false, timeouts={implicit=0.0, pageLoad=300000.0, script=30000.0}, pageLoadStrategy=normal, platform=ANY, specificationLevel=0.0, moz:accessibilityChecks=false, acceptInsecureCerts=false, browserVersion=54.0.1, platformVersion=10.0, moz:processID=9820.0, browserName=firefox, javascriptEnabled=true, platformName=windows_nt}]&#10;Session ID: 46b084d3-a9e2-40cb-a787-1f3739c335d6&#10;*** Element info: {Using=css selector, value=input[class=&apos;form-control&apos;][name=&apos;email&apos;]}" type="org.openqa.selenium.NoSuchElementException">org.openqa.selenium.NoSuchElementException: 
Unable to locate element: input[class='form-control'][name='email']
For documentation on this error, please visit: http://seleniumhq.org/exceptions/no_such_element.html
Build info: version: '3.4.0', revision: 'unknown', time: 'unknown'
System info: host: 'DESKTOP-HR6DLCF', ip: '192.168.1.192', os.name: 'Windows 10', os.arch: 'amd64', os.version: '10.0', java.version: '1.8.0_144'
Driver info: org.openqa.selenium.firefox.FirefoxDriver
Capabilities [{moz:profile=C:\Users\write\AppData\Local\Temp\rust_mozprofile.nu2eHg25gTwL, rotatable=false, timeouts={implicit=0.0, pageLoad=300000.0, script=30000.0}, pageLoadStrategy=normal, platform=ANY, specificationLevel=0.0, moz:accessibilityChecks=false, acceptInsecureCerts=false, browserVersion=54.0.1, platformVersion=10.0, moz:processID=9820.0, browserName=firefox, javascriptEnabled=true, platformName=windows_nt}]
Session ID: 46b084d3-a9e2-40cb-a787-1f3739c335d6
*** Element info: {Using=css selector, value=input[class='form-control'][name='email']}
	at test_cases.Login_Test.Test_Login_Admin(Login_Test.java:16)
</failure>
    <system-out><![CDATA[Test 'Test_Login_Admin' FAILED
Priority of this method is 0
.....
]]></system-out>
  </testcase>
  <testcase name="Test_Login_Admin" classname="test_cases.Login_Test" time="0.012">
    <failure message="Unable to locate element: input[class=&apos;form-control&apos;][name=&apos;password&apos;]&#10;For documentation on this error, please visit: http://seleniumhq.org/exceptions/no_such_element.html&#10;Build info: version: &apos;3.4.0&apos;, revision: &apos;unknown&apos;, time: &apos;unknown&apos;&#10;System info: host: &apos;DESKTOP-HR6DLCF&apos;, ip: &apos;192.168.1.192&apos;, os.name: &apos;Windows 10&apos;, os.arch: &apos;amd64&apos;, os.version: &apos;10.0&apos;, java.version: &apos;1.8.0_144&apos;&#10;Driver info: org.openqa.selenium.firefox.FirefoxDriver&#10;Capabilities [{moz:profile=C:\Users\write\AppData\Local\Temp\rust_mozprofile.nu2eHg25gTwL, rotatable=false, timeouts={implicit=0.0, pageLoad=300000.0, script=30000.0}, pageLoadStrategy=normal, platform=ANY, specificationLevel=0.0, moz:accessibilityChecks=false, acceptInsecureCerts=false, browserVersion=54.0.1, platformVersion=10.0, moz:processID=9820.0, browserName=firefox, javascriptEnabled=true, platformName=windows_nt}]&#10;Session ID: 46b084d3-a9e2-40cb-a787-1f3739c335d6&#10;*** Element info: {Using=css selector, value=input[class=&apos;form-control&apos;][name=&apos;password&apos;]}" type="org.openqa.selenium.NoSuchElementException">org.openqa.selenium.NoSuchElementException: 
Unable to locate element: input[class='form-control'][name='password']
For documentation on this error, please visit: http://seleniumhq.org/exceptions/no_such_element.html
Build info: version: '3.4.0', revision: 'unknown', time: 'unknown'
System info: host: 'DESKTOP-HR6DLCF', ip: '192.168.1.192', os.name: 'Windows 10', os.arch: 'amd64', os.version: '10.0', java.version: '1.8.0_144'
Driver info: org.openqa.selenium.firefox.FirefoxDriver
Capabilities [{moz:profile=C:\Users\write\AppData\Local\Temp\rust_mozprofile.nu2eHg25gTwL, rotatable=false, timeouts={implicit=0.0, pageLoad=300000.0, script=30000.0}, pageLoadStrategy=normal, platform=ANY, specificationLevel=0.0, moz:accessibilityChecks=false, acceptInsecureCerts=false, browserVersion=54.0.1, platformVersion=10.0, moz:processID=9820.0, browserName=firefox, javascriptEnabled=true, platformName=windows_nt}]
Session ID: 46b084d3-a9e2-40cb-a787-1f3739c335d6
*** Element info: {Using=css selector, value=input[class='form-control'][name='password']}
	at test_cases.Login_Test.Test_Login_Admin(Login_Test.java:16)
</failure>
    <system-out><![CDATA[Test 'Test_Login_Admin' FAILED
Priority of this method is 0
.....
]]></system-out>
  </testcase>
  <testcase name="Test_Login_Admin" classname="test_cases.Login_Test" time="0.008">
    <failure message="Unable to locate element: .btn.btn-login&#10;For documentation on this error, please visit: http://seleniumhq.org/exceptions/no_such_element.html&#10;Build info: version: &apos;3.4.0&apos;, revision: &apos;unknown&apos;, time: &apos;unknown&apos;&#10;System info: host: &apos;DESKTOP-HR6DLCF&apos;, ip: &apos;192.168.1.192&apos;, os.name: &apos;Windows 10&apos;, os.arch: &apos;amd64&apos;, os.version: &apos;10.0&apos;, java.version: &apos;1.8.0_144&apos;&#10;Driver info: org.openqa.selenium.firefox.FirefoxDriver&#10;Capabilities [{moz:profile=C:\Users\write\AppData\Local\Temp\rust_mozprofile.nu2eHg25gTwL, rotatable=false, timeouts={implicit=0.0, pageLoad=300000.0, script=30000.0}, pageLoadStrategy=normal, platform=ANY, specificationLevel=0.0, moz:accessibilityChecks=false, acceptInsecureCerts=false, browserVersion=54.0.1, platformVersion=10.0, moz:processID=9820.0, browserName=firefox, javascriptEnabled=true, platformName=windows_nt}]&#10;Session ID: 46b084d3-a9e2-40cb-a787-1f3739c335d6&#10;*** Element info: {Using=css selector, value=.btn.btn-login}" type="org.openqa.selenium.NoSuchElementException">org.openqa.selenium.NoSuchElementException: 
Unable to locate element: .btn.btn-login
For documentation on this error, please visit: http://seleniumhq.org/exceptions/no_such_element.html
Build info: version: '3.4.0', revision: 'unknown', time: 'unknown'
System info: host: 'DESKTOP-HR6DLCF', ip: '192.168.1.192', os.name: 'Windows 10', os.arch: 'amd64', os.version: '10.0', java.version: '1.8.0_144'
Driver info: org.openqa.selenium.firefox.FirefoxDriver
Capabilities [{moz:profile=C:\Users\write\AppData\Local\Temp\rust_mozprofile.nu2eHg25gTwL, rotatable=false, timeouts={implicit=0.0, pageLoad=300000.0, script=30000.0}, pageLoadStrategy=normal, platform=ANY, specificationLevel=0.0, moz:accessibilityChecks=false, acceptInsecureCerts=false, browserVersion=54.0.1, platformVersion=10.0, moz:processID=9820.0, browserName=firefox, javascriptEnabled=true, platformName=windows_nt}]
Session ID: 46b084d3-a9e2-40cb-a787-1f3739c335d6
*** Element info: {Using=css selector, value=.btn.btn-login}
	at test_cases.Login_Test.Test_Login_Admin(Login_Test.java:16)
</failure>
    <system-out><![CDATA[Test 'Test_Login_Admin' FAILED
Priority of this method is 0
.....
]]></system-out>
  </testcase>
  <testcase name="Test_Login_Admin" classname="test_cases.Login_Test" time="0"/>
  <testcase name="Test_Login_Admin" classname="test_cases.Login_Test" time="0.001"/>
  <testcase name="Test_Login_Admin" classname="test_cases.Login_Test" time="0.082">
    <failure message="Unable to locate element: .fa.fa-lock&#10;For documentation on this error, please visit: http://seleniumhq.org/exceptions/no_such_element.html&#10;Build info: version: &apos;3.4.0&apos;, revision: &apos;unknown&apos;, time: &apos;unknown&apos;&#10;System info: host: &apos;DESKTOP-HR6DLCF&apos;, ip: &apos;192.168.1.192&apos;, os.name: &apos;Windows 10&apos;, os.arch: &apos;amd64&apos;, os.version: &apos;10.0&apos;, java.version: &apos;1.8.0_144&apos;&#10;Driver info: org.openqa.selenium.firefox.FirefoxDriver&#10;Capabilities [{moz:profile=C:\Users\write\AppData\Local\Temp\rust_mozprofile.mpmYDiMDlcPD, rotatable=false, timeouts={implicit=0.0, pageLoad=300000.0, script=30000.0}, pageLoadStrategy=normal, platform=ANY, specificationLevel=0.0, moz:accessibilityChecks=false, acceptInsecureCerts=false, browserVersion=54.0.1, platformVersion=10.0, moz:processID=7436.0, browserName=firefox, javascriptEnabled=true, platformName=windows_nt}]&#10;Session ID: f6c18f03-7cbc-43a1-a21a-d174b12e0e58&#10;*** Element info: {Using=css selector, value=.fa.fa-lock}" type="org.openqa.selenium.NoSuchElementException">org.openqa.selenium.NoSuchElementException: 
Unable to locate element: .fa.fa-lock
For documentation on this error, please visit: http://seleniumhq.org/exceptions/no_such_element.html
Build info: version: '3.4.0', revision: 'unknown', time: 'unknown'
System info: host: 'DESKTOP-HR6DLCF', ip: '192.168.1.192', os.name: 'Windows 10', os.arch: 'amd64', os.version: '10.0', java.version: '1.8.0_144'
Driver info: org.openqa.selenium.firefox.FirefoxDriver
Capabilities [{moz:profile=C:\Users\write\AppData\Local\Temp\rust_mozprofile.mpmYDiMDlcPD, rotatable=false, timeouts={implicit=0.0, pageLoad=300000.0, script=30000.0}, pageLoadStrategy=normal, platform=ANY, specificationLevel=0.0, moz:accessibilityChecks=false, acceptInsecureCerts=false, browserVersion=54.0.1, platformVersion=10.0, moz:processID=7436.0, browserName=firefox, javascriptEnabled=true, platformName=windows_nt}]
Session ID: f6c18f03-7cbc-43a1-a21a-d174b12e0e58
*** Element info: {Using=css selector, value=.fa.fa-lock}
	at test_cases.Login_Test.Test_Login_Admin(Login_Test.java:16)
</failure>
    <system-out><![CDATA[Test 'Test_Login_Admin' FAILED
Priority of this method is 0
.....
]]></system-out>
  </testcase>
  <testcase name="Test_Login_Admin" classname="test_cases.Login_Test" time="0.019">
    <failure message="Unable to locate element: input[class=&apos;form-control&apos;][name=&apos;email&apos;]&#10;For documentation on this error, please visit: http://seleniumhq.org/exceptions/no_such_element.html&#10;Build info: version: &apos;3.4.0&apos;, revision: &apos;unknown&apos;, time: &apos;unknown&apos;&#10;System info: host: &apos;DESKTOP-HR6DLCF&apos;, ip: &apos;192.168.1.192&apos;, os.name: &apos;Windows 10&apos;, os.arch: &apos;amd64&apos;, os.version: &apos;10.0&apos;, java.version: &apos;1.8.0_144&apos;&#10;Driver info: org.openqa.selenium.firefox.FirefoxDriver&#10;Capabilities [{moz:profile=C:\Users\write\AppData\Local\Temp\rust_mozprofile.mpmYDiMDlcPD, rotatable=false, timeouts={implicit=0.0, pageLoad=300000.0, script=30000.0}, pageLoadStrategy=normal, platform=ANY, specificationLevel=0.0, moz:accessibilityChecks=false, acceptInsecureCerts=false, browserVersion=54.0.1, platformVersion=10.0, moz:processID=7436.0, browserName=firefox, javascriptEnabled=true, platformName=windows_nt}]&#10;Session ID: f6c18f03-7cbc-43a1-a21a-d174b12e0e58&#10;*** Element info: {Using=css selector, value=input[class=&apos;form-control&apos;][name=&apos;email&apos;]}" type="org.openqa.selenium.NoSuchElementException">org.openqa.selenium.NoSuchElementException: 
Unable to locate element: input[class='form-control'][name='email']
For documentation on this error, please visit: http://seleniumhq.org/exceptions/no_such_element.html
Build info: version: '3.4.0', revision: 'unknown', time: 'unknown'
System info: host: 'DESKTOP-HR6DLCF', ip: '192.168.1.192', os.name: 'Windows 10', os.arch: 'amd64', os.version: '10.0', java.version: '1.8.0_144'
Driver info: org.openqa.selenium.firefox.FirefoxDriver
Capabilities [{moz:profile=C:\Users\write\AppData\Local\Temp\rust_mozprofile.mpmYDiMDlcPD, rotatable=false, timeouts={implicit=0.0, pageLoad=300000.0, script=30000.0}, pageLoadStrategy=normal, platform=ANY, specificationLevel=0.0, moz:accessibilityChecks=false, acceptInsecureCerts=false, browserVersion=54.0.1, platformVersion=10.0, moz:processID=7436.0, browserName=firefox, javascriptEnabled=true, platformName=windows_nt}]
Session ID: f6c18f03-7cbc-43a1-a21a-d174b12e0e58
*** Element info: {Using=css selector, value=input[class='form-control'][name='email']}
	at test_cases.Login_Test.Test_Login_Admin(Login_Test.java:16)
</failure>
    <system-out><![CDATA[Test 'Test_Login_Admin' FAILED
Priority of this method is 0
.....
]]></system-out>
  </testcase>
  <testcase name="Test_Login_Admin" classname="test_cases.Login_Test" time="0.011">
    <failure message="Unable to locate element: input[class=&apos;form-control&apos;][name=&apos;password&apos;]&#10;For documentation on this error, please visit: http://seleniumhq.org/exceptions/no_such_element.html&#10;Build info: version: &apos;3.4.0&apos;, revision: &apos;unknown&apos;, time: &apos;unknown&apos;&#10;System info: host: &apos;DESKTOP-HR6DLCF&apos;, ip: &apos;192.168.1.192&apos;, os.name: &apos;Windows 10&apos;, os.arch: &apos;amd64&apos;, os.version: &apos;10.0&apos;, java.version: &apos;1.8.0_144&apos;&#10;Driver info: org.openqa.selenium.firefox.FirefoxDriver&#10;Capabilities [{moz:profile=C:\Users\write\AppData\Local\Temp\rust_mozprofile.mpmYDiMDlcPD, rotatable=false, timeouts={implicit=0.0, pageLoad=300000.0, script=30000.0}, pageLoadStrategy=normal, platform=ANY, specificationLevel=0.0, moz:accessibilityChecks=false, acceptInsecureCerts=false, browserVersion=54.0.1, platformVersion=10.0, moz:processID=7436.0, browserName=firefox, javascriptEnabled=true, platformName=windows_nt}]&#10;Session ID: f6c18f03-7cbc-43a1-a21a-d174b12e0e58&#10;*** Element info: {Using=css selector, value=input[class=&apos;form-control&apos;][name=&apos;password&apos;]}" type="org.openqa.selenium.NoSuchElementException">org.openqa.selenium.NoSuchElementException: 
Unable to locate element: input[class='form-control'][name='password']
For documentation on this error, please visit: http://seleniumhq.org/exceptions/no_such_element.html
Build info: version: '3.4.0', revision: 'unknown', time: 'unknown'
System info: host: 'DESKTOP-HR6DLCF', ip: '192.168.1.192', os.name: 'Windows 10', os.arch: 'amd64', os.version: '10.0', java.version: '1.8.0_144'
Driver info: org.openqa.selenium.firefox.FirefoxDriver
Capabilities [{moz:profile=C:\Users\write\AppData\Local\Temp\rust_mozprofile.mpmYDiMDlcPD, rotatable=false, timeouts={implicit=0.0, pageLoad=300000.0, script=30000.0}, pageLoadStrategy=normal, platform=ANY, specificationLevel=0.0, moz:accessibilityChecks=false, acceptInsecureCerts=false, browserVersion=54.0.1, platformVersion=10.0, moz:processID=7436.0, browserName=firefox, javascriptEnabled=true, platformName=windows_nt}]
Session ID: f6c18f03-7cbc-43a1-a21a-d174b12e0e58
*** Element info: {Using=css selector, value=input[class='form-control'][name='password']}
	at test_cases.Login_Test.Test_Login_Admin(Login_Test.java:16)
</failure>
    <system-out><![CDATA[Test 'Test_Login_Admin' FAILED
Priority of this method is 0
.....
]]></system-out>
  </testcase>
  <testcase name="Test_Login_Admin" classname="test_cases.Login_Test" time="0.009">
    <failure message="Unable to locate element: .btn.btn-login&#10;For documentation on this error, please visit: http://seleniumhq.org/exceptions/no_such_element.html&#10;Build info: version: &apos;3.4.0&apos;, revision: &apos;unknown&apos;, time: &apos;unknown&apos;&#10;System info: host: &apos;DESKTOP-HR6DLCF&apos;, ip: &apos;192.168.1.192&apos;, os.name: &apos;Windows 10&apos;, os.arch: &apos;amd64&apos;, os.version: &apos;10.0&apos;, java.version: &apos;1.8.0_144&apos;&#10;Driver info: org.openqa.selenium.firefox.FirefoxDriver&#10;Capabilities [{moz:profile=C:\Users\write\AppData\Local\Temp\rust_mozprofile.mpmYDiMDlcPD, rotatable=false, timeouts={implicit=0.0, pageLoad=300000.0, script=30000.0}, pageLoadStrategy=normal, platform=ANY, specificationLevel=0.0, moz:accessibilityChecks=false, acceptInsecureCerts=false, browserVersion=54.0.1, platformVersion=10.0, moz:processID=7436.0, browserName=firefox, javascriptEnabled=true, platformName=windows_nt}]&#10;Session ID: f6c18f03-7cbc-43a1-a21a-d174b12e0e58&#10;*** Element info: {Using=css selector, value=.btn.btn-login}" type="org.openqa.selenium.NoSuchElementException">org.openqa.selenium.NoSuchElementException: 
Unable to locate element: .btn.btn-login
For documentation on this error, please visit: http://seleniumhq.org/exceptions/no_such_element.html
Build info: version: '3.4.0', revision: 'unknown', time: 'unknown'
System info: host: 'DESKTOP-HR6DLCF', ip: '192.168.1.192', os.name: 'Windows 10', os.arch: 'amd64', os.version: '10.0', java.version: '1.8.0_144'
Driver info: org.openqa.selenium.firefox.FirefoxDriver
Capabilities [{moz:profile=C:\Users\write\AppData\Local\Temp\rust_mozprofile.mpmYDiMDlcPD, rotatable=false, timeouts={implicit=0.0, pageLoad=300000.0, script=30000.0}, pageLoadStrategy=normal, platform=ANY, specificationLevel=0.0, moz:accessibilityChecks=false, acceptInsecureCerts=false, browserVersion=54.0.1, platformVersion=10.0, moz:processID=7436.0, browserName=firefox, javascriptEnabled=true, platformName=windows_nt}]
Session ID: f6c18f03-7cbc-43a1-a21a-d174b12e0e58
*** Element info: {Using=css selector, value=.btn.btn-login}
	at test_cases.Login_Test.Test_Login_Admin(Login_Test.java:16)
</failure>
    <system-out><![CDATA[Test 'Test_Login_Admin' FAILED
Priority of this method is 0
.....
]]></system-out>
  </testcase>
  <testcase name="Test_Login_Admin" classname="test_cases.Login_Test" time="0.001"/>
  <testcase name="Test_LogOut" classname="test_cases.Logout_Test" time="0"/>
  <testcase name="Test_LogOut" classname="test_cases.Logout_Test" time="0.009">
    <failure message="Unable to locate element: .user-profile.dropdown-toggle.top_nav_btn&#10;For documentation on this error, please visit: http://seleniumhq.org/exceptions/no_such_element.html&#10;Build info: version: &apos;3.4.0&apos;, revision: &apos;unknown&apos;, time: &apos;unknown&apos;&#10;System info: host: &apos;DESKTOP-HR6DLCF&apos;, ip: &apos;192.168.1.192&apos;, os.name: &apos;Windows 10&apos;, os.arch: &apos;amd64&apos;, os.version: &apos;10.0&apos;, java.version: &apos;1.8.0_144&apos;&#10;Driver info: org.openqa.selenium.firefox.FirefoxDriver&#10;Capabilities [{moz:profile=C:\Users\write\AppData\Local\Temp\rust_mozprofile.nu2eHg25gTwL, rotatable=false, timeouts={implicit=0.0, pageLoad=300000.0, script=30000.0}, pageLoadStrategy=normal, platform=ANY, specificationLevel=0.0, moz:accessibilityChecks=false, acceptInsecureCerts=false, browserVersion=54.0.1, platformVersion=10.0, moz:processID=9820.0, browserName=firefox, javascriptEnabled=true, platformName=windows_nt}]&#10;Session ID: 46b084d3-a9e2-40cb-a787-1f3739c335d6&#10;*** Element info: {Using=css selector, value=.user-profile.dropdown-toggle.top_nav_btn}" type="org.openqa.selenium.NoSuchElementException">org.openqa.selenium.NoSuchElementException: 
Unable to locate element: .user-profile.dropdown-toggle.top_nav_btn
For documentation on this error, please visit: http://seleniumhq.org/exceptions/no_such_element.html
Build info: version: '3.4.0', revision: 'unknown', time: 'unknown'
System info: host: 'DESKTOP-HR6DLCF', ip: '192.168.1.192', os.name: 'Windows 10', os.arch: 'amd64', os.version: '10.0', java.version: '1.8.0_144'
Driver info: org.openqa.selenium.firefox.FirefoxDriver
Capabilities [{moz:profile=C:\Users\write\AppData\Local\Temp\rust_mozprofile.nu2eHg25gTwL, rotatable=false, timeouts={implicit=0.0, pageLoad=300000.0, script=30000.0}, pageLoadStrategy=normal, platform=ANY, specificationLevel=0.0, moz:accessibilityChecks=false, acceptInsecureCerts=false, browserVersion=54.0.1, platformVersion=10.0, moz:processID=9820.0, browserName=firefox, javascriptEnabled=true, platformName=windows_nt}]
Session ID: 46b084d3-a9e2-40cb-a787-1f3739c335d6
*** Element info: {Using=css selector, value=.user-profile.dropdown-toggle.top_nav_btn}
	at test_cases.Logout_Test.Test_LogOut(Logout_Test.java:14)
</failure>
    <system-out><![CDATA[Test 'Test_LogOut' FAILED
Priority of this method is 0
.....
]]></system-out>
  </testcase>
  <testcase name="Test_LogOut" classname="test_cases.Logout_Test" time="0.008">
    <failure message="Unable to locate element: .fa.fa-sign-out.pull-right&#10;For documentation on this error, please visit: http://seleniumhq.org/exceptions/no_such_element.html&#10;Build info: version: &apos;3.4.0&apos;, revision: &apos;unknown&apos;, time: &apos;unknown&apos;&#10;System info: host: &apos;DESKTOP-HR6DLCF&apos;, ip: &apos;192.168.1.192&apos;, os.name: &apos;Windows 10&apos;, os.arch: &apos;amd64&apos;, os.version: &apos;10.0&apos;, java.version: &apos;1.8.0_144&apos;&#10;Driver info: org.openqa.selenium.firefox.FirefoxDriver&#10;Capabilities [{moz:profile=C:\Users\write\AppData\Local\Temp\rust_mozprofile.nu2eHg25gTwL, rotatable=false, timeouts={implicit=0.0, pageLoad=300000.0, script=30000.0}, pageLoadStrategy=normal, platform=ANY, specificationLevel=0.0, moz:accessibilityChecks=false, acceptInsecureCerts=false, browserVersion=54.0.1, platformVersion=10.0, moz:processID=9820.0, browserName=firefox, javascriptEnabled=true, platformName=windows_nt}]&#10;Session ID: 46b084d3-a9e2-40cb-a787-1f3739c335d6&#10;*** Element info: {Using=css selector, value=.fa.fa-sign-out.pull-right}" type="org.openqa.selenium.NoSuchElementException">org.openqa.selenium.NoSuchElementException: 
Unable to locate element: .fa.fa-sign-out.pull-right
For documentation on this error, please visit: http://seleniumhq.org/exceptions/no_such_element.html
Build info: version: '3.4.0', revision: 'unknown', time: 'unknown'
System info: host: 'DESKTOP-HR6DLCF', ip: '192.168.1.192', os.name: 'Windows 10', os.arch: 'amd64', os.version: '10.0', java.version: '1.8.0_144'
Driver info: org.openqa.selenium.firefox.FirefoxDriver
Capabilities [{moz:profile=C:\Users\write\AppData\Local\Temp\rust_mozprofile.nu2eHg25gTwL, rotatable=false, timeouts={implicit=0.0, pageLoad=300000.0, script=30000.0}, pageLoadStrategy=normal, platform=ANY, specificationLevel=0.0, moz:accessibilityChecks=false, acceptInsecureCerts=false, browserVersion=54.0.1, platformVersion=10.0, moz:processID=9820.0, browserName=firefox, javascriptEnabled=true, platformName=windows_nt}]
Session ID: 46b084d3-a9e2-40cb-a787-1f3739c335d6
*** Element info: {Using=css selector, value=.fa.fa-sign-out.pull-right}
	at test_cases.Logout_Test.Test_LogOut(Logout_Test.java:14)
</failure>
    <system-out><![CDATA[Test 'Test_LogOut' FAILED
Priority of this method is 0
.....
]]></system-out>
  </testcase>
  <testcase name="Test_LogOut" classname="test_cases.Logout_Test" time="0.001"/>
  <testcase name="Test_LogOut" classname="test_cases.Logout_Test" time="0.006">
    <failure message="Unable to locate element: .user-profile.dropdown-toggle.top_nav_btn&#10;For documentation on this error, please visit: http://seleniumhq.org/exceptions/no_such_element.html&#10;Build info: version: &apos;3.4.0&apos;, revision: &apos;unknown&apos;, time: &apos;unknown&apos;&#10;System info: host: &apos;DESKTOP-HR6DLCF&apos;, ip: &apos;192.168.1.192&apos;, os.name: &apos;Windows 10&apos;, os.arch: &apos;amd64&apos;, os.version: &apos;10.0&apos;, java.version: &apos;1.8.0_144&apos;&#10;Driver info: org.openqa.selenium.firefox.FirefoxDriver&#10;Capabilities [{moz:profile=C:\Users\write\AppData\Local\Temp\rust_mozprofile.Y8rXWI4fLO0y, rotatable=false, timeouts={implicit=0.0, pageLoad=300000.0, script=30000.0}, pageLoadStrategy=normal, platform=ANY, specificationLevel=0.0, moz:accessibilityChecks=false, acceptInsecureCerts=false, browserVersion=54.0.1, platformVersion=10.0, moz:processID=18972.0, browserName=firefox, javascriptEnabled=true, platformName=windows_nt}]&#10;Session ID: 10ee543c-d660-4409-aacf-a2178f4532da&#10;*** Element info: {Using=css selector, value=.user-profile.dropdown-toggle.top_nav_btn}" type="org.openqa.selenium.NoSuchElementException">org.openqa.selenium.NoSuchElementException: 
Unable to locate element: .user-profile.dropdown-toggle.top_nav_btn
For documentation on this error, please visit: http://seleniumhq.org/exceptions/no_such_element.html
Build info: version: '3.4.0', revision: 'unknown', time: 'unknown'
System info: host: 'DESKTOP-HR6DLCF', ip: '192.168.1.192', os.name: 'Windows 10', os.arch: 'amd64', os.version: '10.0', java.version: '1.8.0_144'
Driver info: org.openqa.selenium.firefox.FirefoxDriver
Capabilities [{moz:profile=C:\Users\write\AppData\Local\Temp\rust_mozprofile.Y8rXWI4fLO0y, rotatable=false, timeouts={implicit=0.0, pageLoad=300000.0, script=30000.0}, pageLoadStrategy=normal, platform=ANY, specificationLevel=0.0, moz:accessibilityChecks=false, acceptInsecureCerts=false, browserVersion=54.0.1, platformVersion=10.0, moz:processID=18972.0, browserName=firefox, javascriptEnabled=true, platformName=windows_nt}]
Session ID: 10ee543c-d660-4409-aacf-a2178f4532da
*** Element info: {Using=css selector, value=.user-profile.dropdown-toggle.top_nav_btn}
	at test_cases.Logout_Test.Test_LogOut(Logout_Test.java:14)
</failure>
    <system-out><![CDATA[Test 'Test_LogOut' FAILED
Priority of this method is 0
.....
]]></system-out>
  </testcase>
  <testcase name="Test_LogOut" classname="test_cases.Logout_Test" time="0.011">
    <failure message="Unable to locate element: .fa.fa-sign-out.pull-right&#10;For documentation on this error, please visit: http://seleniumhq.org/exceptions/no_such_element.html&#10;Build info: version: &apos;3.4.0&apos;, revision: &apos;unknown&apos;, time: &apos;unknown&apos;&#10;System info: host: &apos;DESKTOP-HR6DLCF&apos;, ip: &apos;192.168.1.192&apos;, os.name: &apos;Windows 10&apos;, os.arch: &apos;amd64&apos;, os.version: &apos;10.0&apos;, java.version: &apos;1.8.0_144&apos;&#10;Driver info: org.openqa.selenium.firefox.FirefoxDriver&#10;Capabilities [{moz:profile=C:\Users\write\AppData\Local\Temp\rust_mozprofile.Y8rXWI4fLO0y, rotatable=false, timeouts={implicit=0.0, pageLoad=300000.0, script=30000.0}, pageLoadStrategy=normal, platform=ANY, specificationLevel=0.0, moz:accessibilityChecks=false, acceptInsecureCerts=false, browserVersion=54.0.1, platformVersion=10.0, moz:processID=18972.0, browserName=firefox, javascriptEnabled=true, platformName=windows_nt}]&#10;Session ID: 10ee543c-d660-4409-aacf-a2178f4532da&#10;*** Element info: {Using=css selector, value=.fa.fa-sign-out.pull-right}" type="org.openqa.selenium.NoSuchElementException">org.openqa.selenium.NoSuchElementException: 
Unable to locate element: .fa.fa-sign-out.pull-right
For documentation on this error, please visit: http://seleniumhq.org/exceptions/no_such_element.html
Build info: version: '3.4.0', revision: 'unknown', time: 'unknown'
System info: host: 'DESKTOP-HR6DLCF', ip: '192.168.1.192', os.name: 'Windows 10', os.arch: 'amd64', os.version: '10.0', java.version: '1.8.0_144'
Driver info: org.openqa.selenium.firefox.FirefoxDriver
Capabilities [{moz:profile=C:\Users\write\AppData\Local\Temp\rust_mozprofile.Y8rXWI4fLO0y, rotatable=false, timeouts={implicit=0.0, pageLoad=300000.0, script=30000.0}, pageLoadStrategy=normal, platform=ANY, specificationLevel=0.0, moz:accessibilityChecks=false, acceptInsecureCerts=false, browserVersion=54.0.1, platformVersion=10.0, moz:processID=18972.0, browserName=firefox, javascriptEnabled=true, platformName=windows_nt}]
Session ID: 10ee543c-d660-4409-aacf-a2178f4532da
*** Element info: {Using=css selector, value=.fa.fa-sign-out.pull-right}
	at test_cases.Logout_Test.Test_LogOut(Logout_Test.java:14)
</failure>
    <system-out><![CDATA[Test 'Test_LogOut' FAILED
Priority of this method is 0
.....
]]></system-out>
  </testcase>
  <testcase name="Test_Login" classname="test_cases.Login_Test" time="0.001"/>
  <testcase name="Test_Login" classname="test_cases.Login_Test" time="0.019">
    <failure message="Unable to locate element: .fa.fa-lock&#10;For documentation on this error, please visit: http://seleniumhq.org/exceptions/no_such_element.html&#10;Build info: version: &apos;3.4.0&apos;, revision: &apos;unknown&apos;, time: &apos;unknown&apos;&#10;System info: host: &apos;DESKTOP-HR6DLCF&apos;, ip: &apos;192.168.1.192&apos;, os.name: &apos;Windows 10&apos;, os.arch: &apos;amd64&apos;, os.version: &apos;10.0&apos;, java.version: &apos;1.8.0_144&apos;&#10;Driver info: org.openqa.selenium.firefox.FirefoxDriver&#10;Capabilities [{moz:profile=C:\Users\write\AppData\Local\Temp\rust_mozprofile.Y8rXWI4fLO0y, rotatable=false, timeouts={implicit=0.0, pageLoad=300000.0, script=30000.0}, pageLoadStrategy=normal, platform=ANY, specificationLevel=0.0, moz:accessibilityChecks=false, acceptInsecureCerts=false, browserVersion=54.0.1, platformVersion=10.0, moz:processID=18972.0, browserName=firefox, javascriptEnabled=true, platformName=windows_nt}]&#10;Session ID: 10ee543c-d660-4409-aacf-a2178f4532da&#10;*** Element info: {Using=css selector, value=.fa.fa-lock}" type="org.openqa.selenium.NoSuchElementException">org.openqa.selenium.NoSuchElementException: 
Unable to locate element: .fa.fa-lock
For documentation on this error, please visit: http://seleniumhq.org/exceptions/no_such_element.html
Build info: version: '3.4.0', revision: 'unknown', time: 'unknown'
System info: host: 'DESKTOP-HR6DLCF', ip: '192.168.1.192', os.name: 'Windows 10', os.arch: 'amd64', os.version: '10.0', java.version: '1.8.0_144'
Driver info: org.openqa.selenium.firefox.FirefoxDriver
Capabilities [{moz:profile=C:\Users\write\AppData\Local\Temp\rust_mozprofile.Y8rXWI4fLO0y, rotatable=false, timeouts={implicit=0.0, pageLoad=300000.0, script=30000.0}, pageLoadStrategy=normal, platform=ANY, specificationLevel=0.0, moz:accessibilityChecks=false, acceptInsecureCerts=false, browserVersion=54.0.1, platformVersion=10.0, moz:processID=18972.0, browserName=firefox, javascriptEnabled=true, platformName=windows_nt}]
Session ID: 10ee543c-d660-4409-aacf-a2178f4532da
*** Element info: {Using=css selector, value=.fa.fa-lock}
	at test_cases.Login_Test.Test_Login(Login_Test.java:22)
</failure>
    <system-out><![CDATA[Test 'Test_Login' FAILED
Priority of this method is 0
.....
]]></system-out>
  </testcase>
  <testcase name="Test_Login" classname="test_cases.Login_Test" time="0.011">
    <failure message="Unable to locate element: input[class=&apos;form-control&apos;][name=&apos;email&apos;]&#10;For documentation on this error, please visit: http://seleniumhq.org/exceptions/no_such_element.html&#10;Build info: version: &apos;3.4.0&apos;, revision: &apos;unknown&apos;, time: &apos;unknown&apos;&#10;System info: host: &apos;DESKTOP-HR6DLCF&apos;, ip: &apos;192.168.1.192&apos;, os.name: &apos;Windows 10&apos;, os.arch: &apos;amd64&apos;, os.version: &apos;10.0&apos;, java.version: &apos;1.8.0_144&apos;&#10;Driver info: org.openqa.selenium.firefox.FirefoxDriver&#10;Capabilities [{moz:profile=C:\Users\write\AppData\Local\Temp\rust_mozprofile.Y8rXWI4fLO0y, rotatable=false, timeouts={implicit=0.0, pageLoad=300000.0, script=30000.0}, pageLoadStrategy=normal, platform=ANY, specificationLevel=0.0, moz:accessibilityChecks=false, acceptInsecureCerts=false, browserVersion=54.0.1, platformVersion=10.0, moz:processID=18972.0, browserName=firefox, javascriptEnabled=true, platformName=windows_nt}]&#10;Session ID: 10ee543c-d660-4409-aacf-a2178f4532da&#10;*** Element info: {Using=css selector, value=input[class=&apos;form-control&apos;][name=&apos;email&apos;]}" type="org.openqa.selenium.NoSuchElementException">org.openqa.selenium.NoSuchElementException: 
Unable to locate element: input[class='form-control'][name='email']
For documentation on this error, please visit: http://seleniumhq.org/exceptions/no_such_element.html
Build info: version: '3.4.0', revision: 'unknown', time: 'unknown'
System info: host: 'DESKTOP-HR6DLCF', ip: '192.168.1.192', os.name: 'Windows 10', os.arch: 'amd64', os.version: '10.0', java.version: '1.8.0_144'
Driver info: org.openqa.selenium.firefox.FirefoxDriver
Capabilities [{moz:profile=C:\Users\write\AppData\Local\Temp\rust_mozprofile.Y8rXWI4fLO0y, rotatable=false, timeouts={implicit=0.0, pageLoad=300000.0, script=30000.0}, pageLoadStrategy=normal, platform=ANY, specificationLevel=0.0, moz:accessibilityChecks=false, acceptInsecureCerts=false, browserVersion=54.0.1, platformVersion=10.0, moz:processID=18972.0, browserName=firefox, javascriptEnabled=true, platformName=windows_nt}]
Session ID: 10ee543c-d660-4409-aacf-a2178f4532da
*** Element info: {Using=css selector, value=input[class='form-control'][name='email']}
	at test_cases.Login_Test.Test_Login(Login_Test.java:22)
</failure>
    <system-out><![CDATA[Test 'Test_Login' FAILED
Priority of this method is 0
.....
]]></system-out>
  </testcase>
  <testcase name="Test_Login" classname="test_cases.Login_Test" time="0.016">
    <failure message="Unable to locate element: input[class=&apos;form-control&apos;][name=&apos;password&apos;]&#10;For documentation on this error, please visit: http://seleniumhq.org/exceptions/no_such_element.html&#10;Build info: version: &apos;3.4.0&apos;, revision: &apos;unknown&apos;, time: &apos;unknown&apos;&#10;System info: host: &apos;DESKTOP-HR6DLCF&apos;, ip: &apos;192.168.1.192&apos;, os.name: &apos;Windows 10&apos;, os.arch: &apos;amd64&apos;, os.version: &apos;10.0&apos;, java.version: &apos;1.8.0_144&apos;&#10;Driver info: org.openqa.selenium.firefox.FirefoxDriver&#10;Capabilities [{moz:profile=C:\Users\write\AppData\Local\Temp\rust_mozprofile.Y8rXWI4fLO0y, rotatable=false, timeouts={implicit=0.0, pageLoad=300000.0, script=30000.0}, pageLoadStrategy=normal, platform=ANY, specificationLevel=0.0, moz:accessibilityChecks=false, acceptInsecureCerts=false, browserVersion=54.0.1, platformVersion=10.0, moz:processID=18972.0, browserName=firefox, javascriptEnabled=true, platformName=windows_nt}]&#10;Session ID: 10ee543c-d660-4409-aacf-a2178f4532da&#10;*** Element info: {Using=css selector, value=input[class=&apos;form-control&apos;][name=&apos;password&apos;]}" type="org.openqa.selenium.NoSuchElementException">org.openqa.selenium.NoSuchElementException: 
Unable to locate element: input[class='form-control'][name='password']
For documentation on this error, please visit: http://seleniumhq.org/exceptions/no_such_element.html
Build info: version: '3.4.0', revision: 'unknown', time: 'unknown'
System info: host: 'DESKTOP-HR6DLCF', ip: '192.168.1.192', os.name: 'Windows 10', os.arch: 'amd64', os.version: '10.0', java.version: '1.8.0_144'
Driver info: org.openqa.selenium.firefox.FirefoxDriver
Capabilities [{moz:profile=C:\Users\write\AppData\Local\Temp\rust_mozprofile.Y8rXWI4fLO0y, rotatable=false, timeouts={implicit=0.0, pageLoad=300000.0, script=30000.0}, pageLoadStrategy=normal, platform=ANY, specificationLevel=0.0, moz:accessibilityChecks=false, acceptInsecureCerts=false, browserVersion=54.0.1, platformVersion=10.0, moz:processID=18972.0, browserName=firefox, javascriptEnabled=true, platformName=windows_nt}]
Session ID: 10ee543c-d660-4409-aacf-a2178f4532da
*** Element info: {Using=css selector, value=input[class='form-control'][name='password']}
	at test_cases.Login_Test.Test_Login(Login_Test.java:22)
</failure>
    <system-out><![CDATA[Test 'Test_Login' FAILED
Priority of this method is 0
.....
]]></system-out>
  </testcase>
  <testcase name="Test_Login" classname="test_cases.Login_Test" time="0.011">
    <failure message="Unable to locate element: .btn.btn-login&#10;For documentation on this error, please visit: http://seleniumhq.org/exceptions/no_such_element.html&#10;Build info: version: &apos;3.4.0&apos;, revision: &apos;unknown&apos;, time: &apos;unknown&apos;&#10;System info: host: &apos;DESKTOP-HR6DLCF&apos;, ip: &apos;192.168.1.192&apos;, os.name: &apos;Windows 10&apos;, os.arch: &apos;amd64&apos;, os.version: &apos;10.0&apos;, java.version: &apos;1.8.0_144&apos;&#10;Driver info: org.openqa.selenium.firefox.FirefoxDriver&#10;Capabilities [{moz:profile=C:\Users\write\AppData\Local\Temp\rust_mozprofile.Y8rXWI4fLO0y, rotatable=false, timeouts={implicit=0.0, pageLoad=300000.0, script=30000.0}, pageLoadStrategy=normal, platform=ANY, specificationLevel=0.0, moz:accessibilityChecks=false, acceptInsecureCerts=false, browserVersion=54.0.1, platformVersion=10.0, moz:processID=18972.0, browserName=firefox, javascriptEnabled=true, platformName=windows_nt}]&#10;Session ID: 10ee543c-d660-4409-aacf-a2178f4532da&#10;*** Element info: {Using=css selector, value=.btn.btn-login}" type="org.openqa.selenium.NoSuchElementException">org.openqa.selenium.NoSuchElementException: 
Unable to locate element: .btn.btn-login
For documentation on this error, please visit: http://seleniumhq.org/exceptions/no_such_element.html
Build info: version: '3.4.0', revision: 'unknown', time: 'unknown'
System info: host: 'DESKTOP-HR6DLCF', ip: '192.168.1.192', os.name: 'Windows 10', os.arch: 'amd64', os.version: '10.0', java.version: '1.8.0_144'
Driver info: org.openqa.selenium.firefox.FirefoxDriver
Capabilities [{moz:profile=C:\Users\write\AppData\Local\Temp\rust_mozprofile.Y8rXWI4fLO0y, rotatable=false, timeouts={implicit=0.0, pageLoad=300000.0, script=30000.0}, pageLoadStrategy=normal, platform=ANY, specificationLevel=0.0, moz:accessibilityChecks=false, acceptInsecureCerts=false, browserVersion=54.0.1, platformVersion=10.0, moz:processID=18972.0, browserName=firefox, javascriptEnabled=true, platformName=windows_nt}]
Session ID: 10ee543c-d660-4409-aacf-a2178f4532da
*** Element info: {Using=css selector, value=.btn.btn-login}
	at test_cases.Login_Test.Test_Login(Login_Test.java:22)
</failure>
    <system-out><![CDATA[Test 'Test_Login' FAILED
Priority of this method is 0
.....
]]></system-out>
  </testcase>
  <testcase name="Test_Login" classname="test_cases.Login_Test" time="0"/>
  <testcase name="Test_Login" classname="test_cases.Login_Test" time="0.007">
    <failure message="Unable to locate element: input[class=&apos;form-control&apos;][name=&apos;email&apos;]&#10;For documentation on this error, please visit: http://seleniumhq.org/exceptions/no_such_element.html&#10;Build info: version: &apos;3.4.0&apos;, revision: &apos;unknown&apos;, time: &apos;unknown&apos;&#10;System info: host: &apos;DESKTOP-HR6DLCF&apos;, ip: &apos;192.168.1.192&apos;, os.name: &apos;Windows 10&apos;, os.arch: &apos;amd64&apos;, os.version: &apos;10.0&apos;, java.version: &apos;1.8.0_144&apos;&#10;Driver info: org.openqa.selenium.firefox.FirefoxDriver&#10;Capabilities [{moz:profile=C:\Users\write\AppData\Local\Temp\rust_mozprofile.Y8rXWI4fLO0y, rotatable=false, timeouts={implicit=0.0, pageLoad=300000.0, script=30000.0}, pageLoadStrategy=normal, platform=ANY, specificationLevel=0.0, moz:accessibilityChecks=false, acceptInsecureCerts=false, browserVersion=54.0.1, platformVersion=10.0, moz:processID=18972.0, browserName=firefox, javascriptEnabled=true, platformName=windows_nt}]&#10;Session ID: 10ee543c-d660-4409-aacf-a2178f4532da&#10;*** Element info: {Using=css selector, value=input[class=&apos;form-control&apos;][name=&apos;email&apos;]}" type="org.openqa.selenium.NoSuchElementException">org.openqa.selenium.NoSuchElementException: 
Unable to locate element: input[class='form-control'][name='email']
For documentation on this error, please visit: http://seleniumhq.org/exceptions/no_such_element.html
Build info: version: '3.4.0', revision: 'unknown', time: 'unknown'
System info: host: 'DESKTOP-HR6DLCF', ip: '192.168.1.192', os.name: 'Windows 10', os.arch: 'amd64', os.version: '10.0', java.version: '1.8.0_144'
Driver info: org.openqa.selenium.firefox.FirefoxDriver
Capabilities [{moz:profile=C:\Users\write\AppData\Local\Temp\rust_mozprofile.Y8rXWI4fLO0y, rotatable=false, timeouts={implicit=0.0, pageLoad=300000.0, script=30000.0}, pageLoadStrategy=normal, platform=ANY, specificationLevel=0.0, moz:accessibilityChecks=false, acceptInsecureCerts=false, browserVersion=54.0.1, platformVersion=10.0, moz:processID=18972.0, browserName=firefox, javascriptEnabled=true, platformName=windows_nt}]
Session ID: 10ee543c-d660-4409-aacf-a2178f4532da
*** Element info: {Using=css selector, value=input[class='form-control'][name='email']}
	at test_cases.Login_Test.Test_Login(Login_Test.java:22)
</failure>
    <system-out><![CDATA[Test 'Test_Login' FAILED
Priority of this method is 0
.....
]]></system-out>
  </testcase>
  <testcase name="Test_Login" classname="test_cases.Login_Test" time="0.018">
    <failure message="Unable to locate element: input[class=&apos;form-control&apos;][name=&apos;password&apos;]&#10;For documentation on this error, please visit: http://seleniumhq.org/exceptions/no_such_element.html&#10;Build info: version: &apos;3.4.0&apos;, revision: &apos;unknown&apos;, time: &apos;unknown&apos;&#10;System info: host: &apos;DESKTOP-HR6DLCF&apos;, ip: &apos;192.168.1.192&apos;, os.name: &apos;Windows 10&apos;, os.arch: &apos;amd64&apos;, os.version: &apos;10.0&apos;, java.version: &apos;1.8.0_144&apos;&#10;Driver info: org.openqa.selenium.firefox.FirefoxDriver&#10;Capabilities [{moz:profile=C:\Users\write\AppData\Local\Temp\rust_mozprofile.Y8rXWI4fLO0y, rotatable=false, timeouts={implicit=0.0, pageLoad=300000.0, script=30000.0}, pageLoadStrategy=normal, platform=ANY, specificationLevel=0.0, moz:accessibilityChecks=false, acceptInsecureCerts=false, browserVersion=54.0.1, platformVersion=10.0, moz:processID=18972.0, browserName=firefox, javascriptEnabled=true, platformName=windows_nt}]&#10;Session ID: 10ee543c-d660-4409-aacf-a2178f4532da&#10;*** Element info: {Using=css selector, value=input[class=&apos;form-control&apos;][name=&apos;password&apos;]}" type="org.openqa.selenium.NoSuchElementException">org.openqa.selenium.NoSuchElementException: 
Unable to locate element: input[class='form-control'][name='password']
For documentation on this error, please visit: http://seleniumhq.org/exceptions/no_such_element.html
Build info: version: '3.4.0', revision: 'unknown', time: 'unknown'
System info: host: 'DESKTOP-HR6DLCF', ip: '192.168.1.192', os.name: 'Windows 10', os.arch: 'amd64', os.version: '10.0', java.version: '1.8.0_144'
Driver info: org.openqa.selenium.firefox.FirefoxDriver
Capabilities [{moz:profile=C:\Users\write\AppData\Local\Temp\rust_mozprofile.Y8rXWI4fLO0y, rotatable=false, timeouts={implicit=0.0, pageLoad=300000.0, script=30000.0}, pageLoadStrategy=normal, platform=ANY, specificationLevel=0.0, moz:accessibilityChecks=false, acceptInsecureCerts=false, browserVersion=54.0.1, platformVersion=10.0, moz:processID=18972.0, browserName=firefox, javascriptEnabled=true, platformName=windows_nt}]
Session ID: 10ee543c-d660-4409-aacf-a2178f4532da
*** Element info: {Using=css selector, value=input[class='form-control'][name='password']}
	at test_cases.Login_Test.Test_Login(Login_Test.java:22)
</failure>
    <system-out><![CDATA[Test 'Test_Login' FAILED
Priority of this method is 0
.....
]]></system-out>
  </testcase>
  <testcase name="Test_Login" classname="test_cases.Login_Test" time="0.007">
    <failure message="Unable to locate element: input[class=&apos;form-control&apos;][name=&apos;email&apos;]&#10;For documentation on this error, please visit: http://seleniumhq.org/exceptions/no_such_element.html&#10;Build info: version: &apos;3.4.0&apos;, revision: &apos;unknown&apos;, time: &apos;unknown&apos;&#10;System info: host: &apos;DESKTOP-HR6DLCF&apos;, ip: &apos;192.168.1.192&apos;, os.name: &apos;Windows 10&apos;, os.arch: &apos;amd64&apos;, os.version: &apos;10.0&apos;, java.version: &apos;1.8.0_144&apos;&#10;Driver info: org.openqa.selenium.firefox.FirefoxDriver&#10;Capabilities [{moz:profile=C:\Users\write\AppData\Local\Temp\rust_mozprofile.Y8rXWI4fLO0y, rotatable=false, timeouts={implicit=0.0, pageLoad=300000.0, script=30000.0}, pageLoadStrategy=normal, platform=ANY, specificationLevel=0.0, moz:accessibilityChecks=false, acceptInsecureCerts=false, browserVersion=54.0.1, platformVersion=10.0, moz:processID=18972.0, browserName=firefox, javascriptEnabled=true, platformName=windows_nt}]&#10;Session ID: 10ee543c-d660-4409-aacf-a2178f4532da&#10;*** Element info: {Using=css selector, value=input[class=&apos;form-control&apos;][name=&apos;email&apos;]}" type="org.openqa.selenium.NoSuchElementException">org.openqa.selenium.NoSuchElementException: 
Unable to locate element: input[class='form-control'][name='email']
For documentation on this error, please visit: http://seleniumhq.org/exceptions/no_such_element.html
Build info: version: '3.4.0', revision: 'unknown', time: 'unknown'
System info: host: 'DESKTOP-HR6DLCF', ip: '192.168.1.192', os.name: 'Windows 10', os.arch: 'amd64', os.version: '10.0', java.version: '1.8.0_144'
Driver info: org.openqa.selenium.firefox.FirefoxDriver
Capabilities [{moz:profile=C:\Users\write\AppData\Local\Temp\rust_mozprofile.Y8rXWI4fLO0y, rotatable=false, timeouts={implicit=0.0, pageLoad=300000.0, script=30000.0}, pageLoadStrategy=normal, platform=ANY, specificationLevel=0.0, moz:accessibilityChecks=false, acceptInsecureCerts=false, browserVersion=54.0.1, platformVersion=10.0, moz:processID=18972.0, browserName=firefox, javascriptEnabled=true, platformName=windows_nt}]
Session ID: 10ee543c-d660-4409-aacf-a2178f4532da
*** Element info: {Using=css selector, value=input[class='form-control'][name='email']}
	at test_cases.Login_Test.Test_Login(Login_Test.java:22)
</failure>
    <system-out><![CDATA[Test 'Test_Login' FAILED
Priority of this method is 0
.....
]]></system-out>
  </testcase>
  <testcase name="Test_Login" classname="test_cases.Login_Test" time="0.009">
    <failure message="Unable to locate element: input[class=&apos;form-control&apos;][name=&apos;password&apos;]&#10;For documentation on this error, please visit: http://seleniumhq.org/exceptions/no_such_element.html&#10;Build info: version: &apos;3.4.0&apos;, revision: &apos;unknown&apos;, time: &apos;unknown&apos;&#10;System info: host: &apos;DESKTOP-HR6DLCF&apos;, ip: &apos;192.168.1.192&apos;, os.name: &apos;Windows 10&apos;, os.arch: &apos;amd64&apos;, os.version: &apos;10.0&apos;, java.version: &apos;1.8.0_144&apos;&#10;Driver info: org.openqa.selenium.firefox.FirefoxDriver&#10;Capabilities [{moz:profile=C:\Users\write\AppData\Local\Temp\rust_mozprofile.Y8rXWI4fLO0y, rotatable=false, timeouts={implicit=0.0, pageLoad=300000.0, script=30000.0}, pageLoadStrategy=normal, platform=ANY, specificationLevel=0.0, moz:accessibilityChecks=false, acceptInsecureCerts=false, browserVersion=54.0.1, platformVersion=10.0, moz:processID=18972.0, browserName=firefox, javascriptEnabled=true, platformName=windows_nt}]&#10;Session ID: 10ee543c-d660-4409-aacf-a2178f4532da&#10;*** Element info: {Using=css selector, value=input[class=&apos;form-control&apos;][name=&apos;password&apos;]}" type="org.openqa.selenium.NoSuchElementException">org.openqa.selenium.NoSuchElementException: 
Unable to locate element: input[class='form-control'][name='password']
For documentation on this error, please visit: http://seleniumhq.org/exceptions/no_such_element.html
Build info: version: '3.4.0', revision: 'unknown', time: 'unknown'
System info: host: 'DESKTOP-HR6DLCF', ip: '192.168.1.192', os.name: 'Windows 10', os.arch: 'amd64', os.version: '10.0', java.version: '1.8.0_144'
Driver info: org.openqa.selenium.firefox.FirefoxDriver
Capabilities [{moz:profile=C:\Users\write\AppData\Local\Temp\rust_mozprofile.Y8rXWI4fLO0y, rotatable=false, timeouts={implicit=0.0, pageLoad=300000.0, script=30000.0}, pageLoadStrategy=normal, platform=ANY, specificationLevel=0.0, moz:accessibilityChecks=false, acceptInsecureCerts=false, browserVersion=54.0.1, platformVersion=10.0, moz:processID=18972.0, browserName=firefox, javascriptEnabled=true, platformName=windows_nt}]
Session ID: 10ee543c-d660-4409-aacf-a2178f4532da
*** Element info: {Using=css selector, value=input[class='form-control'][name='password']}
	at test_cases.Login_Test.Test_Login(Login_Test.java:22)
</failure>
    <system-out><![CDATA[Test 'Test_Login' FAILED
Priority of this method is 0
.....
]]></system-out>
  </testcase>
  <testcase name="Test_Login" classname="test_cases.Login_Test" time="0.013">
    <failure message="Given css selector expression &quot;div[.form-group]&gt;button[.btn.btn-primary]&quot; is invalid: InvalidSelectorError: &apos;div[.form-group]&gt;button[.btn.btn-primary]&apos; is not a valid selector: &quot;div[.form-group]&gt;button[.btn.btn-primary]&quot;&#10;For documentation on this error, please visit: http://seleniumhq.org/exceptions/invalid_selector_exception.html&#10;Build info: version: &apos;3.4.0&apos;, revision: &apos;unknown&apos;, time: &apos;unknown&apos;&#10;System info: host: &apos;DESKTOP-HR6DLCF&apos;, ip: &apos;192.168.1.192&apos;, os.name: &apos;Windows 10&apos;, os.arch: &apos;amd64&apos;, os.version: &apos;10.0&apos;, java.version: &apos;1.8.0_144&apos;&#10;Driver info: org.openqa.selenium.firefox.FirefoxDriver&#10;Capabilities [{moz:profile=C:\Users\write\AppData\Local\Temp\rust_mozprofile.Y8rXWI4fLO0y, rotatable=false, timeouts={implicit=0.0, pageLoad=300000.0, script=30000.0}, pageLoadStrategy=normal, platform=ANY, specificationLevel=0.0, moz:accessibilityChecks=false, acceptInsecureCerts=false, browserVersion=54.0.1, platformVersion=10.0, moz:processID=18972.0, browserName=firefox, javascriptEnabled=true, platformName=windows_nt}]&#10;Session ID: 10ee543c-d660-4409-aacf-a2178f4532da&#10;*** Element info: {Using=css selector, value=div[.form-group]&gt;button[.btn.btn-primary]}" type="org.openqa.selenium.InvalidSelectorException">org.openqa.selenium.InvalidSelectorException: 
Given css selector expression "div[.form-group]>button[.btn.btn-primary]" is invalid: InvalidSelectorError: 'div[.form-group]>button[.btn.btn-primary]' is not a valid selector: "div[.form-group]>button[.btn.btn-primary]"
For documentation on this error, please visit: http://seleniumhq.org/exceptions/invalid_selector_exception.html
Build info: version: '3.4.0', revision: 'unknown', time: 'unknown'
System info: host: 'DESKTOP-HR6DLCF', ip: '192.168.1.192', os.name: 'Windows 10', os.arch: 'amd64', os.version: '10.0', java.version: '1.8.0_144'
Driver info: org.openqa.selenium.firefox.FirefoxDriver
Capabilities [{moz:profile=C:\Users\write\AppData\Local\Temp\rust_mozprofile.Y8rXWI4fLO0y, rotatable=false, timeouts={implicit=0.0, pageLoad=300000.0, script=30000.0}, pageLoadStrategy=normal, platform=ANY, specificationLevel=0.0, moz:accessibilityChecks=false, acceptInsecureCerts=false, browserVersion=54.0.1, platformVersion=10.0, moz:processID=18972.0, browserName=firefox, javascriptEnabled=true, platformName=windows_nt}]
Session ID: 10ee543c-d660-4409-aacf-a2178f4532da
*** Element info: {Using=css selector, value=div[.form-group]>button[.btn.btn-primary]}
	at test_cases.Login_Test.Test_Login(Login_Test.java:22)
</failure>
    <system-out><![CDATA[Test 'Test_Login' FAILED
Priority of this method is 0
.....
]]></system-out>
  </testcase>
  <testcase name="Test_Login" classname="test_cases.Login_Test" time="0"/>
  <testcase name="Test_Login" classname="test_cases.Login_Test" time="0.01">
    <failure message="Unable to locate element: input[class=&apos;form-control&apos;][name=&apos;email&apos;]&#10;For documentation on this error, please visit: http://seleniumhq.org/exceptions/no_such_element.html&#10;Build info: version: &apos;3.4.0&apos;, revision: &apos;unknown&apos;, time: &apos;unknown&apos;&#10;System info: host: &apos;DESKTOP-HR6DLCF&apos;, ip: &apos;192.168.1.192&apos;, os.name: &apos;Windows 10&apos;, os.arch: &apos;amd64&apos;, os.version: &apos;10.0&apos;, java.version: &apos;1.8.0_144&apos;&#10;Driver info: org.openqa.selenium.firefox.FirefoxDriver&#10;Capabilities [{moz:profile=C:\Users\write\AppData\Local\Temp\rust_mozprofile.Y8rXWI4fLO0y, rotatable=false, timeouts={implicit=0.0, pageLoad=300000.0, script=30000.0}, pageLoadStrategy=normal, platform=ANY, specificationLevel=0.0, moz:accessibilityChecks=false, acceptInsecureCerts=false, browserVersion=54.0.1, platformVersion=10.0, moz:processID=18972.0, browserName=firefox, javascriptEnabled=true, platformName=windows_nt}]&#10;Session ID: 10ee543c-d660-4409-aacf-a2178f4532da&#10;*** Element info: {Using=css selector, value=input[class=&apos;form-control&apos;][name=&apos;email&apos;]}" type="org.openqa.selenium.NoSuchElementException">org.openqa.selenium.NoSuchElementException: 
Unable to locate element: input[class='form-control'][name='email']
For documentation on this error, please visit: http://seleniumhq.org/exceptions/no_such_element.html
Build info: version: '3.4.0', revision: 'unknown', time: 'unknown'
System info: host: 'DESKTOP-HR6DLCF', ip: '192.168.1.192', os.name: 'Windows 10', os.arch: 'amd64', os.version: '10.0', java.version: '1.8.0_144'
Driver info: org.openqa.selenium.firefox.FirefoxDriver
Capabilities [{moz:profile=C:\Users\write\AppData\Local\Temp\rust_mozprofile.Y8rXWI4fLO0y, rotatable=false, timeouts={implicit=0.0, pageLoad=300000.0, script=30000.0}, pageLoadStrategy=normal, platform=ANY, specificationLevel=0.0, moz:accessibilityChecks=false, acceptInsecureCerts=false, browserVersion=54.0.1, platformVersion=10.0, moz:processID=18972.0, browserName=firefox, javascriptEnabled=true, platformName=windows_nt}]
Session ID: 10ee543c-d660-4409-aacf-a2178f4532da
*** Element info: {Using=css selector, value=input[class='form-control'][name='email']}
	at test_cases.Login_Test.Test_Login(Login_Test.java:22)
</failure>
    <system-out><![CDATA[Test 'Test_Login' FAILED
Priority of this method is 0
.....
]]></system-out>
  </testcase>
  <testcase name="Test_Login" classname="test_cases.Login_Test" time="0.011">
    <failure message="Unable to locate element: input[class=&apos;form-control&apos;][name=&apos;password&apos;]&#10;For documentation on this error, please visit: http://seleniumhq.org/exceptions/no_such_element.html&#10;Build info: version: &apos;3.4.0&apos;, revision: &apos;unknown&apos;, time: &apos;unknown&apos;&#10;System info: host: &apos;DESKTOP-HR6DLCF&apos;, ip: &apos;192.168.1.192&apos;, os.name: &apos;Windows 10&apos;, os.arch: &apos;amd64&apos;, os.version: &apos;10.0&apos;, java.version: &apos;1.8.0_144&apos;&#10;Driver info: org.openqa.selenium.firefox.FirefoxDriver&#10;Capabilities [{moz:profile=C:\Users\write\AppData\Local\Temp\rust_mozprofile.Y8rXWI4fLO0y, rotatable=false, timeouts={implicit=0.0, pageLoad=300000.0, script=30000.0}, pageLoadStrategy=normal, platform=ANY, specificationLevel=0.0, moz:accessibilityChecks=false, acceptInsecureCerts=false, browserVersion=54.0.1, platformVersion=10.0, moz:processID=18972.0, browserName=firefox, javascriptEnabled=true, platformName=windows_nt}]&#10;Session ID: 10ee543c-d660-4409-aacf-a2178f4532da&#10;*** Element info: {Using=css selector, value=input[class=&apos;form-control&apos;][name=&apos;password&apos;]}" type="org.openqa.selenium.NoSuchElementException">org.openqa.selenium.NoSuchElementException: 
Unable to locate element: input[class='form-control'][name='password']
For documentation on this error, please visit: http://seleniumhq.org/exceptions/no_such_element.html
Build info: version: '3.4.0', revision: 'unknown', time: 'unknown'
System info: host: 'DESKTOP-HR6DLCF', ip: '192.168.1.192', os.name: 'Windows 10', os.arch: 'amd64', os.version: '10.0', java.version: '1.8.0_144'
Driver info: org.openqa.selenium.firefox.FirefoxDriver
Capabilities [{moz:profile=C:\Users\write\AppData\Local\Temp\rust_mozprofile.Y8rXWI4fLO0y, rotatable=false, timeouts={implicit=0.0, pageLoad=300000.0, script=30000.0}, pageLoadStrategy=normal, platform=ANY, specificationLevel=0.0, moz:accessibilityChecks=false, acceptInsecureCerts=false, browserVersion=54.0.1, platformVersion=10.0, moz:processID=18972.0, browserName=firefox, javascriptEnabled=true, platformName=windows_nt}]
Session ID: 10ee543c-d660-4409-aacf-a2178f4532da
*** Element info: {Using=css selector, value=input[class='form-control'][name='password']}
	at test_cases.Login_Test.Test_Login(Login_Test.java:22)
</failure>
    <system-out><![CDATA[Test 'Test_Login' FAILED
Priority of this method is 0
.....
]]></system-out>
  </testcase>
  <testcase name="Test_Login" classname="test_cases.Login_Test" time="0.01">
    <failure message="Unable to locate element: input[class=&apos;form-control&apos;][name=&apos;email&apos;]&#10;For documentation on this error, please visit: http://seleniumhq.org/exceptions/no_such_element.html&#10;Build info: version: &apos;3.4.0&apos;, revision: &apos;unknown&apos;, time: &apos;unknown&apos;&#10;System info: host: &apos;DESKTOP-HR6DLCF&apos;, ip: &apos;192.168.1.192&apos;, os.name: &apos;Windows 10&apos;, os.arch: &apos;amd64&apos;, os.version: &apos;10.0&apos;, java.version: &apos;1.8.0_144&apos;&#10;Driver info: org.openqa.selenium.firefox.FirefoxDriver&#10;Capabilities [{moz:profile=C:\Users\write\AppData\Local\Temp\rust_mozprofile.Y8rXWI4fLO0y, rotatable=false, timeouts={implicit=0.0, pageLoad=300000.0, script=30000.0}, pageLoadStrategy=normal, platform=ANY, specificationLevel=0.0, moz:accessibilityChecks=false, acceptInsecureCerts=false, browserVersion=54.0.1, platformVersion=10.0, moz:processID=18972.0, browserName=firefox, javascriptEnabled=true, platformName=windows_nt}]&#10;Session ID: 10ee543c-d660-4409-aacf-a2178f4532da&#10;*** Element info: {Using=css selector, value=input[class=&apos;form-control&apos;][name=&apos;email&apos;]}" type="org.openqa.selenium.NoSuchElementException">org.openqa.selenium.NoSuchElementException: 
Unable to locate element: input[class='form-control'][name='email']
For documentation on this error, please visit: http://seleniumhq.org/exceptions/no_such_element.html
Build info: version: '3.4.0', revision: 'unknown', time: 'unknown'
System info: host: 'DESKTOP-HR6DLCF', ip: '192.168.1.192', os.name: 'Windows 10', os.arch: 'amd64', os.version: '10.0', java.version: '1.8.0_144'
Driver info: org.openqa.selenium.firefox.FirefoxDriver
Capabilities [{moz:profile=C:\Users\write\AppData\Local\Temp\rust_mozprofile.Y8rXWI4fLO0y, rotatable=false, timeouts={implicit=0.0, pageLoad=300000.0, script=30000.0}, pageLoadStrategy=normal, platform=ANY, specificationLevel=0.0, moz:accessibilityChecks=false, acceptInsecureCerts=false, browserVersion=54.0.1, platformVersion=10.0, moz:processID=18972.0, browserName=firefox, javascriptEnabled=true, platformName=windows_nt}]
Session ID: 10ee543c-d660-4409-aacf-a2178f4532da
*** Element info: {Using=css selector, value=input[class='form-control'][name='email']}
	at test_cases.Login_Test.Test_Login(Login_Test.java:22)
</failure>
    <system-out><![CDATA[Test 'Test_Login' FAILED
Priority of this method is 0
.....
]]></system-out>
  </testcase>
  <testcase name="Test_Login" classname="test_cases.Login_Test" time="0.009">
    <failure message="Unable to locate element: input[class=&apos;form-control&apos;][name=&apos;password&apos;]&#10;For documentation on this error, please visit: http://seleniumhq.org/exceptions/no_such_element.html&#10;Build info: version: &apos;3.4.0&apos;, revision: &apos;unknown&apos;, time: &apos;unknown&apos;&#10;System info: host: &apos;DESKTOP-HR6DLCF&apos;, ip: &apos;192.168.1.192&apos;, os.name: &apos;Windows 10&apos;, os.arch: &apos;amd64&apos;, os.version: &apos;10.0&apos;, java.version: &apos;1.8.0_144&apos;&#10;Driver info: org.openqa.selenium.firefox.FirefoxDriver&#10;Capabilities [{moz:profile=C:\Users\write\AppData\Local\Temp\rust_mozprofile.Y8rXWI4fLO0y, rotatable=false, timeouts={implicit=0.0, pageLoad=300000.0, script=30000.0}, pageLoadStrategy=normal, platform=ANY, specificationLevel=0.0, moz:accessibilityChecks=false, acceptInsecureCerts=false, browserVersion=54.0.1, platformVersion=10.0, moz:processID=18972.0, browserName=firefox, javascriptEnabled=true, platformName=windows_nt}]&#10;Session ID: 10ee543c-d660-4409-aacf-a2178f4532da&#10;*** Element info: {Using=css selector, value=input[class=&apos;form-control&apos;][name=&apos;password&apos;]}" type="org.openqa.selenium.NoSuchElementException">org.openqa.selenium.NoSuchElementException: 
Unable to locate element: input[class='form-control'][name='password']
For documentation on this error, please visit: http://seleniumhq.org/exceptions/no_such_element.html
Build info: version: '3.4.0', revision: 'unknown', time: 'unknown'
System info: host: 'DESKTOP-HR6DLCF', ip: '192.168.1.192', os.name: 'Windows 10', os.arch: 'amd64', os.version: '10.0', java.version: '1.8.0_144'
Driver info: org.openqa.selenium.firefox.FirefoxDriver
Capabilities [{moz:profile=C:\Users\write\AppData\Local\Temp\rust_mozprofile.Y8rXWI4fLO0y, rotatable=false, timeouts={implicit=0.0, pageLoad=300000.0, script=30000.0}, pageLoadStrategy=normal, platform=ANY, specificationLevel=0.0, moz:accessibilityChecks=false, acceptInsecureCerts=false, browserVersion=54.0.1, platformVersion=10.0, moz:processID=18972.0, browserName=firefox, javascriptEnabled=true, platformName=windows_nt}]
Session ID: 10ee543c-d660-4409-aacf-a2178f4532da
*** Element info: {Using=css selector, value=input[class='form-control'][name='password']}
	at test_cases.Login_Test.Test_Login(Login_Test.java:22)
</failure>
    <system-out><![CDATA[Test 'Test_Login' FAILED
Priority of this method is 0
.....
]]></system-out>
  </testcase>
  <testcase name="Test_Login" classname="test_cases.Login_Test" time="0.008">
    <failure message="Given css selector expression &quot;div[.form-group]&gt;button[.btn.btn-primary]&quot; is invalid: InvalidSelectorError: &apos;div[.form-group]&gt;button[.btn.btn-primary]&apos; is not a valid selector: &quot;div[.form-group]&gt;button[.btn.btn-primary]&quot;&#10;For documentation on this error, please visit: http://seleniumhq.org/exceptions/invalid_selector_exception.html&#10;Build info: version: &apos;3.4.0&apos;, revision: &apos;unknown&apos;, time: &apos;unknown&apos;&#10;System info: host: &apos;DESKTOP-HR6DLCF&apos;, ip: &apos;192.168.1.192&apos;, os.name: &apos;Windows 10&apos;, os.arch: &apos;amd64&apos;, os.version: &apos;10.0&apos;, java.version: &apos;1.8.0_144&apos;&#10;Driver info: org.openqa.selenium.firefox.FirefoxDriver&#10;Capabilities [{moz:profile=C:\Users\write\AppData\Local\Temp\rust_mozprofile.Y8rXWI4fLO0y, rotatable=false, timeouts={implicit=0.0, pageLoad=300000.0, script=30000.0}, pageLoadStrategy=normal, platform=ANY, specificationLevel=0.0, moz:accessibilityChecks=false, acceptInsecureCerts=false, browserVersion=54.0.1, platformVersion=10.0, moz:processID=18972.0, browserName=firefox, javascriptEnabled=true, platformName=windows_nt}]&#10;Session ID: 10ee543c-d660-4409-aacf-a2178f4532da&#10;*** Element info: {Using=css selector, value=div[.form-group]&gt;button[.btn.btn-primary]}" type="org.openqa.selenium.InvalidSelectorException">org.openqa.selenium.InvalidSelectorException: 
Given css selector expression "div[.form-group]>button[.btn.btn-primary]" is invalid: InvalidSelectorError: 'div[.form-group]>button[.btn.btn-primary]' is not a valid selector: "div[.form-group]>button[.btn.btn-primary]"
For documentation on this error, please visit: http://seleniumhq.org/exceptions/invalid_selector_exception.html
Build info: version: '3.4.0', revision: 'unknown', time: 'unknown'
System info: host: 'DESKTOP-HR6DLCF', ip: '192.168.1.192', os.name: 'Windows 10', os.arch: 'amd64', os.version: '10.0', java.version: '1.8.0_144'
Driver info: org.openqa.selenium.firefox.FirefoxDriver
Capabilities [{moz:profile=C:\Users\write\AppData\Local\Temp\rust_mozprofile.Y8rXWI4fLO0y, rotatable=false, timeouts={implicit=0.0, pageLoad=300000.0, script=30000.0}, pageLoadStrategy=normal, platform=ANY, specificationLevel=0.0, moz:accessibilityChecks=false, acceptInsecureCerts=false, browserVersion=54.0.1, platformVersion=10.0, moz:processID=18972.0, browserName=firefox, javascriptEnabled=true, platformName=windows_nt}]
Session ID: 10ee543c-d660-4409-aacf-a2178f4532da
*** Element info: {Using=css selector, value=div[.form-group]>button[.btn.btn-primary]}
	at test_cases.Login_Test.Test_Login(Login_Test.java:22)
</failure>
    <system-out><![CDATA[Test 'Test_Login' FAILED
Priority of this method is 0
.....
]]></system-out>
  </testcase>
  <testcase name="Test_Login" classname="test_cases.Login_Test" time="0"/>
  <testcase name="Test_Transport_AddMedium" classname="test_cases.Admin_Tests" time="0"/>
  <testcase name="Test_Transport_AddMedium" classname="test_cases.Admin_Tests" time="0.01">
    <failure message="Unable to locate element: a&gt;i.fa.fa-wrench&#10;For documentation on this error, please visit: http://seleniumhq.org/exceptions/no_such_element.html&#10;Build info: version: &apos;3.4.0&apos;, revision: &apos;unknown&apos;, time: &apos;unknown&apos;&#10;System info: host: &apos;DESKTOP-HR6DLCF&apos;, ip: &apos;192.168.1.192&apos;, os.name: &apos;Windows 10&apos;, os.arch: &apos;amd64&apos;, os.version: &apos;10.0&apos;, java.version: &apos;1.8.0_144&apos;&#10;Driver info: org.openqa.selenium.firefox.FirefoxDriver&#10;Capabilities [{moz:profile=C:\Users\write\AppData\Local\Temp\rust_mozprofile.mpmYDiMDlcPD, rotatable=false, timeouts={implicit=0.0, pageLoad=300000.0, script=30000.0}, pageLoadStrategy=normal, platform=ANY, specificationLevel=0.0, moz:accessibilityChecks=false, acceptInsecureCerts=false, browserVersion=54.0.1, platformVersion=10.0, moz:processID=7436.0, browserName=firefox, javascriptEnabled=true, platformName=windows_nt}]&#10;Session ID: f6c18f03-7cbc-43a1-a21a-d174b12e0e58&#10;*** Element info: {Using=css selector, value=a&gt;i.fa.fa-wrench}" type="org.openqa.selenium.NoSuchElementException">org.openqa.selenium.NoSuchElementException: 
Unable to locate element: a>i.fa.fa-wrench
For documentation on this error, please visit: http://seleniumhq.org/exceptions/no_such_element.html
Build info: version: '3.4.0', revision: 'unknown', time: 'unknown'
System info: host: 'DESKTOP-HR6DLCF', ip: '192.168.1.192', os.name: 'Windows 10', os.arch: 'amd64', os.version: '10.0', java.version: '1.8.0_144'
Driver info: org.openqa.selenium.firefox.FirefoxDriver
Capabilities [{moz:profile=C:\Users\write\AppData\Local\Temp\rust_mozprofile.mpmYDiMDlcPD, rotatable=false, timeouts={implicit=0.0, pageLoad=300000.0, script=30000.0}, pageLoadStrategy=normal, platform=ANY, specificationLevel=0.0, moz:accessibilityChecks=false, acceptInsecureCerts=false, browserVersion=54.0.1, platformVersion=10.0, moz:processID=7436.0, browserName=firefox, javascriptEnabled=true, platformName=windows_nt}]
Session ID: f6c18f03-7cbc-43a1-a21a-d174b12e0e58
*** Element info: {Using=css selector, value=a>i.fa.fa-wrench}
	at test_cases.Admin_Tests.Test_Transport_AddMedium(Admin_Tests.java:14)
</failure>
    <system-out><![CDATA[Test 'Test_Transport_AddMedium' FAILED
Priority of this method is 0
.....
]]></system-out>
  </testcase>
  <testcase name="Test_Transport_AddMedium" classname="test_cases.Admin_Tests" time="0.012">
    <failure message="Unable to locate element: .//*[@id=&apos;sidebar-menu&apos;]/div/li[2]/ul/li[2]/a&#10;For documentation on this error, please visit: http://seleniumhq.org/exceptions/no_such_element.html&#10;Build info: version: &apos;3.4.0&apos;, revision: &apos;unknown&apos;, time: &apos;unknown&apos;&#10;System info: host: &apos;DESKTOP-HR6DLCF&apos;, ip: &apos;192.168.1.192&apos;, os.name: &apos;Windows 10&apos;, os.arch: &apos;amd64&apos;, os.version: &apos;10.0&apos;, java.version: &apos;1.8.0_144&apos;&#10;Driver info: org.openqa.selenium.firefox.FirefoxDriver&#10;Capabilities [{moz:profile=C:\Users\write\AppData\Local\Temp\rust_mozprofile.mpmYDiMDlcPD, rotatable=false, timeouts={implicit=0.0, pageLoad=300000.0, script=30000.0}, pageLoadStrategy=normal, platform=ANY, specificationLevel=0.0, moz:accessibilityChecks=false, acceptInsecureCerts=false, browserVersion=54.0.1, platformVersion=10.0, moz:processID=7436.0, browserName=firefox, javascriptEnabled=true, platformName=windows_nt}]&#10;Session ID: f6c18f03-7cbc-43a1-a21a-d174b12e0e58&#10;*** Element info: {Using=xpath, value=.//*[@id=&apos;sidebar-menu&apos;]/div/li[2]/ul/li[2]/a}" type="org.openqa.selenium.NoSuchElementException">org.openqa.selenium.NoSuchElementException: 
Unable to locate element: .//*[@id='sidebar-menu']/div/li[2]/ul/li[2]/a
For documentation on this error, please visit: http://seleniumhq.org/exceptions/no_such_element.html
Build info: version: '3.4.0', revision: 'unknown', time: 'unknown'
System info: host: 'DESKTOP-HR6DLCF', ip: '192.168.1.192', os.name: 'Windows 10', os.arch: 'amd64', os.version: '10.0', java.version: '1.8.0_144'
Driver info: org.openqa.selenium.firefox.FirefoxDriver
Capabilities [{moz:profile=C:\Users\write\AppData\Local\Temp\rust_mozprofile.mpmYDiMDlcPD, rotatable=false, timeouts={implicit=0.0, pageLoad=300000.0, script=30000.0}, pageLoadStrategy=normal, platform=ANY, specificationLevel=0.0, moz:accessibilityChecks=false, acceptInsecureCerts=false, browserVersion=54.0.1, platformVersion=10.0, moz:processID=7436.0, browserName=firefox, javascriptEnabled=true, platformName=windows_nt}]
Session ID: f6c18f03-7cbc-43a1-a21a-d174b12e0e58
*** Element info: {Using=xpath, value=.//*[@id='sidebar-menu']/div/li[2]/ul/li[2]/a}
	at test_cases.Admin_Tests.Test_Transport_AddMedium(Admin_Tests.java:14)
</failure>
    <system-out><![CDATA[Test 'Test_Transport_AddMedium' FAILED
Priority of this method is 0
.....
]]></system-out>
  </testcase>
</testsuite>