<?xml version="1.0" encoding="UTF-8"?>
<testsuite xmlns:xsi="http://www.w3.org/2001/XMLSchema-instance" xsi:noNamespaceSchemaLocation="https://maven.apache.org/surefire/maven-surefire-plugin/xsd/surefire-test-report.xsd" name="TestSuite" time="41.746" tests="41" errors="0" skipped="0" failures="3">
  <properties>
[...]
</properties>
  <testcase name="Test_Login_Admin" classname="test_cases.Login_Test" time="0.002"/>
  <testcase name="Test_Login_Admin" classname="test_cases.Login_Test" time="4.137"/>
  <testcase name="Test_Login_Admin" classname="test_cases.Login_Test" time="0.038"/>
  <testcase name="Test_Login_Admin" classname="test_cases.Login_Test" time="0.037"/>
  <testcase name="Test_Login_Admin" classname="test_cases.Login_Test" time="0.056"/>
  <testcase name="Test_Login_Admin" classname="test_cases.Login_Test" time="0.1"/>
  <testcase name="Test_Login_Admin" classname="test_cases.Login_Test" time="1.104"/>
  <testcase name="Test_Login_Admin" classname="test_cases.Login_Test" time="0.505"/>
  <testcase name="Test_Login_Admin" classname="test_cases.Login_Test" time="0"/>
  <testcase name="Test_Login_Admin" classname="test_cases.Login_Test" time="1.396"/>
  <testcase name="Test_Login_Admin" classname="test_cases.Login_Test" time="0.078"/>
  <testcase name="Test_Login_Admin" classname="test_cases.Login_Test" time="2.003"/>
  <testcase name="Test_Login_Admin" classname="test_cases.Login_Test" time="0.219"/>
  <testcase name="Test_Login_Admin" classname="test_cases.Login_Test" time="0.045"/>
  <testcase name="Test_Login_Admin" classname="test_cases.Login_Test" time="1.657"/>
  <testcase name="Test_Login_Admin" classname="test_cases.Login_Test" time="1.538"/>
  <testcase name="Test_Login" classname="test_cases.Login_Test" time="0.003"/>
  <testcase name="Test_Login" classname="test_cases.Login_Test" time="0.008"/>
  <testcase name="Test_Login" classname="test_cases.Login_Test" time="0.068"/>
  <testcase name="Test_Login" classname="test_cases.Login_Test" time="1.966"/>
  <testcase name="Test_Login" classname="test_cases.Login_Test" time="0.288"/>
  <testcase name="Test_Login" classname="test_cases.Login_Test" time="0.742"/>
  <testcase name="Test_Login" classname="test_cases.Login_Test" time="0.282"/>
  <testcase name="Test_Login" classname="test_cases.Login_Test" time="0.711"/>
  <testcase name="Test_Login" classname="test_cases.Login_Test" time="1.596">
    <failure message="Invalid parameter:Assert match failed for https://fmlcb.shaalmi.pk/admin/dashboardand foundhttps://fmlcb.shaalmi.pk/login expected [https://fmlcb.shaalmi.pk/admin/dashboard] but found [https://fmlcb.shaalmi.pk/login]" type="java.lang.AssertionError">java.lang.AssertionError: Invalid parameter:Assert match failed for https://fmlcb.shaalmi.pk/admin/dashboardand foundhttps://fmlcb.shaalmi.pk/login expected [https://fmlcb.shaalmi.pk/admin/dashboard] but found [https://fmlcb.shaalmi.pk/login]
	at test_cases.Login_Test.Test_Login(Login_Test.java:23)
</failure>
    <system-out><![CDATA[Test 'Test_Login' FAILED
Priority of this method is 0
.....
]]></system-out>
  </testcase>
  <testcase name="Test_Login" classname="test_cases.Login_Test" time="0.1"/>
  <testcase name="Test_Login" classname="test_cases.Login_Test" time="0.123"/>
  <testcase name="Test_Login" classname="test_cases.Login_Test" time="0.192"/>
  <testcase name="Test_Login" classname="test_cases.Login_Test" time="0.126"/>
  <testcase name="Test_Login" classname="test_cases.Login_Test" time="2.006"/>
  <testcase name="Test_Login" classname="test_cases.Login_Test" time="0.579"/>
  <testcase name="Test_Login" classname="test_cases.Login_Test" time="1.564">
    <failure message="Invalid parameter:Assert match failed for https://fmlcb.shaalmi.pk/admin/dashboardand foundhttps://fmlcb.shaalmi.pk/login expected [https://fmlcb.shaalmi.pk/admin/dashboard] but found [https://fmlcb.shaalmi.pk/login]" type="java.lang.AssertionError">java.lang.AssertionError: Invalid parameter:Assert match failed for https://fmlcb.shaalmi.pk/admin/dashboardand foundhttps://fmlcb.shaalmi.pk/login expected [https://fmlcb.shaalmi.pk/admin/dashboard] but found [https://fmlcb.shaalmi.pk/login]
	at test_cases.Login_Test.Test_Login(Login_Test.java:23)
</failure>
    <system-out><![CDATA[Test 'Test_Login' FAILED
Priority of this method is 0
.....
]]></system-out>
  </testcase>
  <testcase name="Test_Login" classname="test_cases.Login_Test" time="0.1"/>
  <testcase name="Test_Login" classname="test_cases.Login_Test" time="0.033"/>
  <testcase name="Test_Login" classname="test_cases.Login_Test" time="0.136"/>
  <testcase name="Test_Login" classname="test_cases.Login_Test" time="0.06"/>
  <testcase name="Test_Login" classname="test_cases.Login_Test" time="1.043"/>
  <testcase name="Test_Login" classname="test_cases.Login_Test" time="1.581"/>
  <testcase name="Test_Transport_AddMedium" classname="test_cases.Admin_Tests" time="0.001"/>
  <testcase name="Test_Transport_AddMedium" classname="test_cases.Admin_Tests" time="0.086"/>
  <testcase name="Test_Transport_AddMedium" classname="test_cases.Admin_Tests" time="0.075">
    <failure message="&#10;Build info: version: &apos;3.4.0&apos;, revision: &apos;unknown&apos;, time: &apos;unknown&apos;&#10;System info: host: &apos;DESKTOP-HR6DLCF&apos;, ip: &apos;192.168.1.192&apos;, os.name: &apos;Windows 10&apos;, os.arch: &apos;amd64&apos;, os.version: &apos;10.0&apos;, java.version: &apos;1.8.0_144&apos;&#10;Driver info: org.openqa.selenium.firefox.FirefoxDriver&#10;Capabilities [{moz:profile=C:\Users\write\AppData\Local\Temp\rust_mozprofile.m35LzgCXdyXT, rotatable=false, timeouts={implicit=0.0, pageLoad=300000.0, script=30000.0}, pageLoadStrategy=normal, platform=ANY, specificationLevel=0.0, moz:accessibilityChecks=false, acceptInsecureCerts=false, browserVersion=55.0.1, platformVersion=10.0, moz:processID=7276.0, browserName=firefox, javascriptEnabled=true, platformName=windows_nt}]&#10;Session ID: 42b10e13-13c0-4dc0-9e25-6de19d1ce14e" type="org.openqa.selenium.ElementNotInteractableException">org.openqa.selenium.ElementNotInteractableException: 

Build info: version: '3.4.0', revision: 'unknown', time: 'unknown'
System info: host: 'DESKTOP-HR6DLCF', ip: '192.168.1.192', os.name: 'Windows 10', os.arch: 'amd64', os.version: '10.0', java.version: '1.8.0_144'
Driver info: org.openqa.selenium.firefox.FirefoxDriver
Capabilities [{moz:profile=C:\Users\write\AppData\Local\Temp\rust_mozprofile.m35LzgCXdyXT, rotatable=false, timeouts={implicit=0.0, pageLoad=300000.0, script=30000.0}, pageLoadStrategy=normal, platform=ANY, specificationLevel=0.0, moz:accessibilityChecks=false, acceptInsecureCerts=false, browserVersion=55.0.1, platformVersion=10.0, moz:processID=7276.0, browserName=firefox, javascriptEnabled=true, platformName=windows_nt}]
Session ID: 42b10e13-13c0-4dc0-9e25-6de19d1ce14e
	at test_cases.Admin_Tests.Test_Transport_AddMedium(Admin_Tests.java:14)
</failure>
    <system-out><![CDATA[Test 'Test_Transport_AddMedium' FAILED
Priority of this method is 0
.....
]]></system-out>
  </testcase>
</testsuite>