-------------------------------------------------------------------------------
Test set: TestSuite
-------------------------------------------------------------------------------
Tests run: 48, Failures: 29, Errors: 0, Skipped: 0, Time elapsed: 24.621 s <<< FAILURE! - in TestSuite
Test_Login_Admin(test_cases.Login_Test)  Time elapsed: 0.023 s  <<< FAILURE!
java.lang.NullPointerException
	at test_cases.Login_Test.Test_Login_Admin(Login_Test.java:16)

Test_Login_Admin(test_cases.Login_Test)  Time elapsed: 0.001 s  <<< FAILURE!
java.lang.NullPointerException
	at test_cases.Login_Test.Test_Login_Admin(Login_Test.java:16)

Test_Login_Admin(test_cases.Login_Test)  Time elapsed: 0.01 s  <<< FAILURE!
java.lang.NullPointerException
	at test_cases.Login_Test.Test_Login_Admin(Login_Test.java:16)

Test_Login_Admin(test_cases.Login_Test)  Time elapsed: 0.002 s  <<< FAILURE!
java.lang.NullPointerException
	at test_cases.Login_Test.Test_Login_Admin(Login_Test.java:16)

Test_LogOut(test_cases.Logout_Test)  Time elapsed: 0.001 s  <<< FAILURE!
java.lang.NullPointerException
	at test_cases.Logout_Test.Test_LogOut(Logout_Test.java:14)

Test_LogOut(test_cases.Logout_Test)  Time elapsed: 0.001 s  <<< FAILURE!
java.lang.NullPointerException
	at test_cases.Logout_Test.Test_LogOut(Logout_Test.java:14)

Test_Login(test_cases.Login_Test)  Time elapsed: 0.009 s  <<< FAILURE!
java.lang.NullPointerException
	at test_cases.Login_Test.Test_Login(Login_Test.java:22)

Test_Login(test_cases.Login_Test)  Time elapsed: 0 s  <<< FAILURE!
java.lang.NullPointerException
	at test_cases.Login_Test.Test_Login(Login_Test.java:22)

Test_Login(test_cases.Login_Test)  Time elapsed: 0 s  <<< FAILURE!
java.lang.NullPointerException
	at test_cases.Login_Test.Test_Login(Login_Test.java:22)

Test_Login(test_cases.Login_Test)  Time elapsed: 0.001 s  <<< FAILURE!
java.lang.NullPointerException
	at test_cases.Login_Test.Test_Login(Login_Test.java:22)

Test_Login(test_cases.Login_Test)  Time elapsed: 0 s  <<< FAILURE!
java.lang.NullPointerException
	at test_cases.Login_Test.Test_Login(Login_Test.java:22)

Test_Login(test_cases.Login_Test)  Time elapsed: 0.021 s  <<< FAILURE!
java.lang.NullPointerException
	at test_cases.Login_Test.Test_Login(Login_Test.java:22)

Test_Login(test_cases.Login_Test)  Time elapsed: 0.003 s  <<< FAILURE!
java.lang.NullPointerException
	at test_cases.Login_Test.Test_Login(Login_Test.java:22)

Test_Login(test_cases.Login_Test)  Time elapsed: 0.01 s  <<< FAILURE!
java.lang.NullPointerException
	at test_cases.Login_Test.Test_Login(Login_Test.java:22)

Test_Login(test_cases.Login_Test)  Time elapsed: 0.006 s  <<< FAILURE!
java.lang.NullPointerException
	at test_cases.Login_Test.Test_Login(Login_Test.java:22)

Test_Login(test_cases.Login_Test)  Time elapsed: 0.002 s  <<< FAILURE!
java.lang.NullPointerException
	at test_cases.Login_Test.Test_Login(Login_Test.java:22)

Test_Login(test_cases.Login_Test)  Time elapsed: 0.001 s  <<< FAILURE!
java.lang.NullPointerException
	at test_cases.Login_Test.Test_Login(Login_Test.java:22)

Test_Login(test_cases.Login_Test)  Time elapsed: 0.002 s  <<< FAILURE!
java.lang.NullPointerException
	at test_cases.Login_Test.Test_Login(Login_Test.java:22)

Test_Login(test_cases.Login_Test)  Time elapsed: 0.009 s  <<< FAILURE!
java.lang.NullPointerException
	at test_cases.Login_Test.Test_Login(Login_Test.java:22)

Test_Login(test_cases.Login_Test)  Time elapsed: 0.005 s  <<< FAILURE!
java.lang.NullPointerException
	at test_cases.Login_Test.Test_Login(Login_Test.java:22)

Test_LogOut(test_cases.Logout_Test)  Time elapsed: 0.008 s  <<< FAILURE!
java.lang.NullPointerException
	at test_cases.Logout_Test.Test_LogOut(Logout_Test.java:14)

Test_LogOut(test_cases.Logout_Test)  Time elapsed: 0.002 s  <<< FAILURE!
java.lang.NullPointerException
	at test_cases.Logout_Test.Test_LogOut(Logout_Test.java:14)

load_url(all_operations.Browser_Config)  Time elapsed: 4.045 s  <<< FAILURE!
org.openqa.selenium.WebDriverException: 
chrome not reachable
  (Session info: chrome=60.0.3112.78)
  (Driver info: chromedriver=2.31.488763 (092de99f48a300323ecf8c2a4e2e7cab51de5ba8),platform=Windows NT 10.0.15063 x86_64) (WARNING: The server did not provide any stacktrace information)
Command duration or timeout: 4.02 seconds
Build info: version: '3.4.0', revision: 'unknown', time: 'unknown'
System info: host: 'DESKTOP-HR6DLCF', ip: '192.168.1.192', os.name: 'Windows 10', os.arch: 'amd64', os.version: '10.0', java.version: '1.8.0_144'
Driver info: org.openqa.selenium.chrome.ChromeDriver
Capabilities [{applicationCacheEnabled=false, rotatable=false, mobileEmulationEnabled=false, networkConnectionEnabled=false, chrome={chromedriverVersion=2.31.488763 (092de99f48a300323ecf8c2a4e2e7cab51de5ba8), userDataDir=C:\Users\write\AppData\Local\Temp\scoped_dir23252_16316}, takesHeapSnapshot=true, pageLoadStrategy=normal, databaseEnabled=false, handlesAlerts=true, hasTouchScreen=false, version=60.0.3112.78, platform=XP, browserConnectionEnabled=false, nativeEvents=true, acceptSslCerts=true, locationContextEnabled=true, webStorageEnabled=true, browserName=chrome, takesScreenshot=true, javascriptEnabled=true, cssSelectorsEnabled=true, setWindowRect=true, unexpectedAlertBehaviour=}]
Session ID: fd9930e20175ec417f94c3a38f9f2b7f
	at all_operations.Browser_Config.load_url(Browser_Config.java:69)

Test_Login_Admin(test_cases.Login_Test)  Time elapsed: 0.001 s  <<< FAILURE!
java.lang.NullPointerException
	at test_cases.Login_Test.Test_Login_Admin(Login_Test.java:16)

Test_Login_Admin(test_cases.Login_Test)  Time elapsed: 0.002 s  <<< FAILURE!
java.lang.NullPointerException
	at test_cases.Login_Test.Test_Login_Admin(Login_Test.java:16)

Test_Login_Admin(test_cases.Login_Test)  Time elapsed: 0.002 s  <<< FAILURE!
java.lang.NullPointerException
	at test_cases.Login_Test.Test_Login_Admin(Login_Test.java:16)

Test_Login_Admin(test_cases.Login_Test)  Time elapsed: 0.002 s  <<< FAILURE!
java.lang.NullPointerException
	at test_cases.Login_Test.Test_Login_Admin(Login_Test.java:16)

Test_Transport_AddMedium(test_cases.Admin_Tests)  Time elapsed: 0.003 s  <<< FAILURE!
java.lang.NullPointerException
	at test_cases.Admin_Tests.Test_Transport_AddMedium(Admin_Tests.java:14)

Test_Transport_AddMedium(test_cases.Admin_Tests)  Time elapsed: 0.003 s  <<< FAILURE!
java.lang.NullPointerException
	at test_cases.Admin_Tests.Test_Transport_AddMedium(Admin_Tests.java:14)

