-------------------------------------------------------------------------------
Test set: TestSuite
-------------------------------------------------------------------------------
Tests run: 53, Failures: 3, Errors: 0, Skipped: 0, Time elapsed: 204.041 s <<< FAILURE! - in TestSuite
Test_Login(test_cases.Login_Test)  Time elapsed: 1.527 s  <<< FAILURE!
java.lang.AssertionError: Invalid parameter:Assert match failed for https://fmlcb.shaalmi.pk/admin/dashboardand foundhttps://fmlcb.shaalmi.pk/login expected [https://fmlcb.shaalmi.pk/admin/dashboard] but found [https://fmlcb.shaalmi.pk/login]
	at test_cases.Login_Test.Test_Login(Login_Test.java:23)

Test_Login(test_cases.Login_Test)  Time elapsed: 1.514 s  <<< FAILURE!
java.lang.AssertionError: Invalid parameter:Assert match failed for https://fmlcb.shaalmi.pk/admin/dashboardand foundhttps://fmlcb.shaalmi.pk/login expected [https://fmlcb.shaalmi.pk/admin/dashboard] but found [https://fmlcb.shaalmi.pk/login]
	at test_cases.Login_Test.Test_Login(Login_Test.java:23)

Test_Transport_AddMedium(test_cases.Admin_Tests)  Time elapsed: 0.093 s  <<< FAILURE!
org.openqa.selenium.ElementNotVisibleException: 
element not visible
  (Session info: chrome=60.0.3112.90)
  (Driver info: chromedriver=2.29.461591 (62ebf098771772160f391d75e589dc567915b233),platform=Windows NT 10.0.15063 x86_64) (WARNING: The server did not provide any stacktrace information)
Command duration or timeout: 40 milliseconds
Build info: version: '3.4.0', revision: 'unknown', time: 'unknown'
System info: host: 'DESKTOP-HR6DLCF', ip: '192.168.8.101', os.name: 'Windows 10', os.arch: 'amd64', os.version: '10.0', java.version: '1.8.0_144'
Driver info: org.openqa.selenium.chrome.ChromeDriver
Capabilities [{applicationCacheEnabled=false, rotatable=false, mobileEmulationEnabled=false, networkConnectionEnabled=false, chrome={chromedriverVersion=2.29.461591 (62ebf098771772160f391d75e589dc567915b233), userDataDir=C:\Users\write\AppData\Local\Temp\scoped_dir2068_26109}, takesHeapSnapshot=true, pageLoadStrategy=normal, databaseEnabled=false, handlesAlerts=true, hasTouchScreen=false, version=60.0.3112.90, platform=XP, browserConnectionEnabled=false, nativeEvents=true, acceptSslCerts=true, locationContextEnabled=true, webStorageEnabled=true, browserName=chrome, takesScreenshot=true, javascriptEnabled=true, cssSelectorsEnabled=true, unexpectedAlertBehaviour=}]
Session ID: 175660c0b9f33af031cca5d8180c3a6b
	at test_cases.Admin_Tests.Test_Transport_AddMedium(Admin_Tests.java:14)

