<?xml version="1.0" encoding="UTF-8"?>
<testsuite xmlns:xsi="http://www.w3.org/2001/XMLSchema-instance" xsi:noNamespaceSchemaLocation="https://maven.apache.org/surefire/maven-surefire-plugin/xsd/surefire-test-report.xsd" name="TestSuite" time="204.041" tests="53" errors="0" skipped="0" failures="3">
  <properties>
[...]
</properties>
  <testcase name="Test_Login" classname="test_cases.Login_Test" time="0"/>
  <testcase name="Test_Login" classname="test_cases.Login_Test" time="0.12"/>
  <testcase name="Test_Login" classname="test_cases.Login_Test" time="0.112"/>
  <testcase name="Test_Login" classname="test_cases.Login_Test" time="2.016"/>
  <testcase name="Test_Login" classname="test_cases.Login_Test" time="0.145"/>
  <testcase name="Test_Login" classname="test_cases.Login_Test" time="2.005"/>
  <testcase name="Test_Login" classname="test_cases.Login_Test" time="0.103"/>
  <testcase name="Test_Login" classname="test_cases.Login_Test" time="10.239"/>
  <testcase name="Test_Login" classname="test_cases.Login_Test" time="1.527">
    <failure message="Invalid parameter:Assert match failed for https://fmlcb.shaalmi.pk/admin/dashboardand foundhttps://fmlcb.shaalmi.pk/login expected [https://fmlcb.shaalmi.pk/admin/dashboard] but found [https://fmlcb.shaalmi.pk/login]" type="java.lang.AssertionError">java.lang.AssertionError: Invalid parameter:Assert match failed for https://fmlcb.shaalmi.pk/admin/dashboardand foundhttps://fmlcb.shaalmi.pk/login expected [https://fmlcb.shaalmi.pk/admin/dashboard] but found [https://fmlcb.shaalmi.pk/login]
	at test_cases.Login_Test.Test_Login(Login_Test.java:23)
</failure>
  </testcase>
  <testcase name="Test_Login" classname="test_cases.Login_Test" time="0.046"/>
  <testcase name="Test_Login" classname="test_cases.Login_Test" time="0.062"/>
  <testcase name="Test_Login" classname="test_cases.Login_Test" time="0.095"/>
  <testcase name="Test_Login" classname="test_cases.Login_Test" time="0.055"/>
  <testcase name="Test_Login" classname="test_cases.Login_Test" time="2.003"/>
  <testcase name="Test_Login" classname="test_cases.Login_Test" time="8.588"/>
  <testcase name="Test_Login" classname="test_cases.Login_Test" time="1.514">
    <failure message="Invalid parameter:Assert match failed for https://fmlcb.shaalmi.pk/admin/dashboardand foundhttps://fmlcb.shaalmi.pk/login expected [https://fmlcb.shaalmi.pk/admin/dashboard] but found [https://fmlcb.shaalmi.pk/login]" type="java.lang.AssertionError">java.lang.AssertionError: Invalid parameter:Assert match failed for https://fmlcb.shaalmi.pk/admin/dashboardand foundhttps://fmlcb.shaalmi.pk/login expected [https://fmlcb.shaalmi.pk/admin/dashboard] but found [https://fmlcb.shaalmi.pk/login]
	at test_cases.Login_Test.Test_Login(Login_Test.java:23)
</failure>
  </testcase>
  <testcase name="Test_Login" classname="test_cases.Login_Test" time="0.049"/>
  <testcase name="Test_Login" classname="test_cases.Login_Test" time="0.039"/>
  <testcase name="Test_Login" classname="test_cases.Login_Test" time="0.144"/>
  <testcase name="Test_Login" classname="test_cases.Login_Test" time="0.08"/>
  <testcase name="Test_Login" classname="test_cases.Login_Test" time="30.729"/>
  <testcase name="Test_Login" classname="test_cases.Login_Test" time="1.581"/>
  <testcase name="Test_Login_Admin" classname="test_cases.Login_Test" time="0"/>
  <testcase name="Test_Login_Admin" classname="test_cases.Login_Test" time="12.466"/>
  <testcase name="Test_Login_Admin" classname="test_cases.Login_Test" time="0.107"/>
  <testcase name="Test_Login_Admin" classname="test_cases.Login_Test" time="2.002"/>
  <testcase name="Test_Login_Admin" classname="test_cases.Login_Test" time="0.105"/>
  <testcase name="Test_Login_Admin" classname="test_cases.Login_Test" time="0.076"/>
  <testcase name="Test_Login_Admin" classname="test_cases.Login_Test" time="5.199"/>
  <testcase name="Test_Login_Admin" classname="test_cases.Login_Test" time="1.518"/>
  <testcase name="Test_Login_Admin" classname="test_cases.Login_Test" time="0"/>
  <testcase name="Test_Login_Admin" classname="test_cases.Login_Test" time="43.245"/>
  <testcase name="Test_Login_Admin" classname="test_cases.Login_Test" time="0.144"/>
  <testcase name="Test_Login_Admin" classname="test_cases.Login_Test" time="2.01"/>
  <testcase name="Test_Login_Admin" classname="test_cases.Login_Test" time="0.165"/>
  <testcase name="Test_Login_Admin" classname="test_cases.Login_Test" time="0.093"/>
  <testcase name="Test_Login_Admin" classname="test_cases.Login_Test" time="30.294"/>
  <testcase name="Test_Login_Admin" classname="test_cases.Login_Test" time="1.513"/>
  <testcase name="Test_LogOut" classname="test_cases.Logout_Test" time="0"/>
  <testcase name="Test_LogOut" classname="test_cases.Logout_Test" time="0.264"/>
  <testcase name="Test_LogOut" classname="test_cases.Logout_Test" time="1.982"/>
  <testcase name="Test_LogOut" classname="test_cases.Logout_Test" time="1.785"/>
  <testcase name="Test_LogOut" classname="test_cases.Logout_Test" time="0"/>
  <testcase name="Test_LogOut" classname="test_cases.Logout_Test" time="0.076"/>
  <testcase name="Test_LogOut" classname="test_cases.Logout_Test" time="14.902"/>
  <testcase name="Test_LogOut" classname="test_cases.Logout_Test" time="2.002"/>
  <testcase name="Test_LogOut" classname="test_cases.Logout_Test" time="0"/>
  <testcase name="Test_LogOut" classname="test_cases.Logout_Test" time="0.149"/>
  <testcase name="Test_LogOut" classname="test_cases.Logout_Test" time="10.236"/>
  <testcase name="Test_LogOut" classname="test_cases.Logout_Test" time="2.006"/>
  <testcase name="Test_Transport_AddMedium" classname="test_cases.Admin_Tests" time="0"/>
  <testcase name="Test_Transport_AddMedium" classname="test_cases.Admin_Tests" time="0.111"/>
  <testcase name="Test_Transport_AddMedium" classname="test_cases.Admin_Tests" time="0.093">
    <failure message="element not visible&#10;  (Session info: chrome=60.0.3112.90)&#10;  (Driver info: chromedriver=2.29.461591 (62ebf098771772160f391d75e589dc567915b233),platform=Windows NT 10.0.15063 x86_64) (WARNING: The server did not provide any stacktrace information)&#10;Command duration or timeout: 40 milliseconds&#10;Build info: version: &apos;3.4.0&apos;, revision: &apos;unknown&apos;, time: &apos;unknown&apos;&#10;System info: host: &apos;DESKTOP-HR6DLCF&apos;, ip: &apos;192.168.8.101&apos;, os.name: &apos;Windows 10&apos;, os.arch: &apos;amd64&apos;, os.version: &apos;10.0&apos;, java.version: &apos;1.8.0_144&apos;&#10;Driver info: org.openqa.selenium.chrome.ChromeDriver&#10;Capabilities [{applicationCacheEnabled=false, rotatable=false, mobileEmulationEnabled=false, networkConnectionEnabled=false, chrome={chromedriverVersion=2.29.461591 (62ebf098771772160f391d75e589dc567915b233), userDataDir=C:\Users\write\AppData\Local\Temp\scoped_dir2068_26109}, takesHeapSnapshot=true, pageLoadStrategy=normal, databaseEnabled=false, handlesAlerts=true, hasTouchScreen=false, version=60.0.3112.90, platform=XP, browserConnectionEnabled=false, nativeEvents=true, acceptSslCerts=true, locationContextEnabled=true, webStorageEnabled=true, browserName=chrome, takesScreenshot=true, javascriptEnabled=true, cssSelectorsEnabled=true, unexpectedAlertBehaviour=}]&#10;Session ID: 175660c0b9f33af031cca5d8180c3a6b" type="org.openqa.selenium.ElementNotVisibleException">org.openqa.selenium.ElementNotVisibleException: 
element not visible
  (Session info: chrome=60.0.3112.90)
  (Driver info: chromedriver=2.29.461591 (62ebf098771772160f391d75e589dc567915b233),platform=Windows NT 10.0.15063 x86_64) (WARNING: The server did not provide any stacktrace information)
Command duration or timeout: 40 milliseconds
Build info: version: '3.4.0', revision: 'unknown', time: 'unknown'
System info: host: 'DESKTOP-HR6DLCF', ip: '192.168.8.101', os.name: 'Windows 10', os.arch: 'amd64', os.version: '10.0', java.version: '1.8.0_144'
Driver info: org.openqa.selenium.chrome.ChromeDriver
Capabilities [{applicationCacheEnabled=false, rotatable=false, mobileEmulationEnabled=false, networkConnectionEnabled=false, chrome={chromedriverVersion=2.29.461591 (62ebf098771772160f391d75e589dc567915b233), userDataDir=C:\Users\write\AppData\Local\Temp\scoped_dir2068_26109}, takesHeapSnapshot=true, pageLoadStrategy=normal, databaseEnabled=false, handlesAlerts=true, hasTouchScreen=false, version=60.0.3112.90, platform=XP, browserConnectionEnabled=false, nativeEvents=true, acceptSslCerts=true, locationContextEnabled=true, webStorageEnabled=true, browserName=chrome, takesScreenshot=true, javascriptEnabled=true, cssSelectorsEnabled=true, unexpectedAlertBehaviour=}]
Session ID: 175660c0b9f33af031cca5d8180c3a6b
	at test_cases.Admin_Tests.Test_Transport_AddMedium(Admin_Tests.java:14)
</failure>
  </testcase>
</testsuite>