<?xml version="1.0" encoding="UTF-8"?>
<testsuite xmlns:xsi="http://www.w3.org/2001/XMLSchema-instance" xsi:noNamespaceSchemaLocation="https://maven.apache.org/surefire/maven-surefire-plugin/xsd/surefire-test-report.xsd" name="TestSuite" time="31.368" tests="34" errors="0" skipped="0" failures="3">
  <properties>
[...]
</properties>
  <testcase name="LoadBrowser" classname="all_operations.Browser_Config" time="0.004"/>
  <testcase name="LoadBrowser" classname="all_operations.Browser_Config" time="11.888"/>
  <testcase name="LoadBrowser" classname="all_operations.Browser_Config" time="0"/>
  <testcase name="LoadBrowser" classname="all_operations.Browser_Config" time="7.677"/>
  <testcase name="Test_Login_Admin" classname="test_cases.Login_Test" time="0.001"/>
  <testcase name="Test_Login_Admin" classname="test_cases.Login_Test" time="0.067"/>
  <testcase name="Test_Login_Admin" classname="test_cases.Login_Test" time="0.363"/>
  <testcase name="Test_Login_Admin" classname="test_cases.Login_Test" time="0.105"/>
  <testcase name="Test_Login_Admin" classname="test_cases.Login_Test" time="1.822"/>
  <testcase name="Test_Login_Admin" classname="test_cases.Login_Test" time="0.543"/>
  <testcase name="Test_LogOut" classname="test_cases.Logout_Test" time="0"/>
  <testcase name="Test_LogOut" classname="test_cases.Logout_Test" time="0.1"/>
  <testcase name="Test_LogOut" classname="test_cases.Logout_Test" time="0.093"/>
  <testcase name="Test_LogOut" classname="test_cases.Logout_Test" time="0"/>
  <testcase name="Test_LogOut" classname="test_cases.Logout_Test" time="0.099"/>
  <testcase name="Test_LogOut" classname="test_cases.Logout_Test" time="0.928"/>
  <testcase name="Test_Login" classname="test_cases.Login_Test" time="0.001"/>
  <testcase name="Test_Login" classname="test_cases.Login_Test" time="0.055"/>
  <testcase name="Test_Login" classname="test_cases.Login_Test" time="0.245"/>
  <testcase name="Test_Login" classname="test_cases.Login_Test" time="0.202"/>
  <testcase name="Test_Login" classname="test_cases.Login_Test" time="0.894"/>
  <testcase name="Test_Login" classname="test_cases.Login_Test" time="0.57">
    <failure message="expected [true] but found [false]" type="java.lang.AssertionError">java.lang.AssertionError: expected [true] but found [false]
	at test_cases.Login_Test.Test_Login(Login_Test.java:22)
</failure>
    <system-out><![CDATA[https://fmlcb.shaalmi.pk/login
]]></system-out>
  </testcase>
  <testcase name="Test_Login" classname="test_cases.Login_Test" time="0.037"/>
  <testcase name="Test_Login" classname="test_cases.Login_Test" time="0.029"/>
  <testcase name="Test_Login" classname="test_cases.Login_Test" time="0.119"/>
  <testcase name="Test_Login" classname="test_cases.Login_Test" time="0.062"/>
  <testcase name="Test_Login" classname="test_cases.Login_Test" time="0.094">
    <failure message="unknown error: Element &lt;button type=&quot;submit&quot; class=&quot;btn btn-primary&quot;&gt;...&lt;/button&gt; is not clickable at point (517, 704). Other element would receive the click: &lt;div id=&quot;site-loader&quot; class=&quot;load-complete&quot;&gt;...&lt;/div&gt;&#10;  (Session info: chrome=60.0.3112.78)&#10;  (Driver info: chromedriver=2.31.488763 (092de99f48a300323ecf8c2a4e2e7cab51de5ba8),platform=Windows NT 10.0.15063 x86_64) (WARNING: The server did not provide any stacktrace information)&#10;Command duration or timeout: 49 milliseconds&#10;Build info: version: &apos;3.4.0&apos;, revision: &apos;unknown&apos;, time: &apos;unknown&apos;&#10;System info: host: &apos;DESKTOP-HR6DLCF&apos;, ip: &apos;10.0.0.57&apos;, os.name: &apos;Windows 10&apos;, os.arch: &apos;amd64&apos;, os.version: &apos;10.0&apos;, java.version: &apos;1.8.0_144&apos;&#10;Driver info: org.openqa.selenium.chrome.ChromeDriver&#10;Capabilities [{applicationCacheEnabled=false, rotatable=false, mobileEmulationEnabled=false, networkConnectionEnabled=false, chrome={chromedriverVersion=2.31.488763 (092de99f48a300323ecf8c2a4e2e7cab51de5ba8), userDataDir=C:\Users\write\AppData\Local\Temp\scoped_dir8056_18009}, takesHeapSnapshot=true, pageLoadStrategy=normal, databaseEnabled=false, handlesAlerts=true, hasTouchScreen=false, version=60.0.3112.78, platform=XP, browserConnectionEnabled=false, nativeEvents=true, acceptSslCerts=true, locationContextEnabled=true, webStorageEnabled=true, browserName=chrome, takesScreenshot=true, javascriptEnabled=true, cssSelectorsEnabled=true, setWindowRect=true, unexpectedAlertBehaviour=}]&#10;Session ID: 62fd4d02e8f3651b668322e64d886465" type="org.openqa.selenium.WebDriverException"><![CDATA[org.openqa.selenium.WebDriverException: 
unknown error: Element <button type="submit" class="btn btn-primary">...</button> is not clickable at point (517, 704). Other element would receive the click: <div id="site-loader" class="load-complete">...</div>
  (Session info: chrome=60.0.3112.78)
  (Driver info: chromedriver=2.31.488763 (092de99f48a300323ecf8c2a4e2e7cab51de5ba8),platform=Windows NT 10.0.15063 x86_64) (WARNING: The server did not provide any stacktrace information)
Command duration or timeout: 49 milliseconds
Build info: version: '3.4.0', revision: 'unknown', time: 'unknown'
System info: host: 'DESKTOP-HR6DLCF', ip: '10.0.0.57', os.name: 'Windows 10', os.arch: 'amd64', os.version: '10.0', java.version: '1.8.0_144'
Driver info: org.openqa.selenium.chrome.ChromeDriver
Capabilities [{applicationCacheEnabled=false, rotatable=false, mobileEmulationEnabled=false, networkConnectionEnabled=false, chrome={chromedriverVersion=2.31.488763 (092de99f48a300323ecf8c2a4e2e7cab51de5ba8), userDataDir=C:\Users\write\AppData\Local\Temp\scoped_dir8056_18009}, takesHeapSnapshot=true, pageLoadStrategy=normal, databaseEnabled=false, handlesAlerts=true, hasTouchScreen=false, version=60.0.3112.78, platform=XP, browserConnectionEnabled=false, nativeEvents=true, acceptSslCerts=true, locationContextEnabled=true, webStorageEnabled=true, browserName=chrome, takesScreenshot=true, javascriptEnabled=true, cssSelectorsEnabled=true, setWindowRect=true, unexpectedAlertBehaviour=}]
Session ID: 62fd4d02e8f3651b668322e64d886465
	at test_cases.Login_Test.Test_Login(Login_Test.java:22)
]]></failure>
  </testcase>
  <testcase name="Test_Login" classname="test_cases.Login_Test" time="0.518">
    <failure message="expected [true] but found [false]" type="java.lang.AssertionError">java.lang.AssertionError: expected [true] but found [false]
	at test_cases.Login_Test.Test_Login(Login_Test.java:22)
</failure>
    <system-out><![CDATA[https://fmlcb.shaalmi.pk/login
]]></system-out>
  </testcase>
  <testcase name="Test_Login" classname="test_cases.Login_Test" time="0.031"/>
  <testcase name="Test_Login" classname="test_cases.Login_Test" time="0.05"/>
  <testcase name="Test_Login" classname="test_cases.Login_Test" time="0.191"/>
  <testcase name="Test_Login" classname="test_cases.Login_Test" time="0.057"/>
  <testcase name="Test_Login" classname="test_cases.Login_Test" time="2.362"/>
  <testcase name="Test_Login" classname="test_cases.Login_Test" time="0.523"/>
</testsuite>