<?xml version="1.0" encoding="UTF-8"?>
<!-- Generated by org.testng.reporters.JUnitXMLReporter -->
<testsuite hostname="NS-PC" ignored="1" name="TC-01,TC-02 / Super Login" tests="12" failures="0" timestamp="17 Aug 2017 11:31:08 GMT" time="33.495" errors="0">
  <testcase name="Test_Login_Admin" time="0.014" classname="test_cases.Login_Test"/>
  <testcase name="Test_Login_Admin" time="2.324" classname="test_cases.Login_Test"/>
  <testcase name="Test_Login_Admin" time="1.386" classname="test_cases.Login_Test"/>
  <testcase name="Test_Login_Admin" time="2.005" classname="test_cases.Login_Test"/>
  <testcase name="Test_Login_Admin" time="1.06" classname="test_cases.Login_Test"/>
  <testcase name="Test_Login_Admin" time="1.125" classname="test_cases.Login_Test"/>
  <testcase name="Test_Login_Admin" time="2.552" classname="test_cases.Login_Test"/>
  <testcase name="Test_Login_Admin" time="2.378" classname="test_cases.Login_Test"/>
  <testcase name="Test_LogOut" time="0.005" classname="test_cases.Logout_Test"/>
  <testcase name="Test_LogOut" time="1.167" classname="test_cases.Logout_Test"/>
  <testcase name="Test_LogOut" time="2.159" classname="test_cases.Logout_Test"/>
  <testcase name="Test_LogOut" time="2.004" classname="test_cases.Logout_Test"/>
  <testcase name="Test_Login" time="0.0" classname="test_cases.Login_Test">
    <ignored/>
  </testcase> <!-- Test_Login -->
</testsuite> <!-- TC-01,TC-02 / Super Login -->
