<?xml version="1.0" encoding="UTF-8"?>
<!-- Generated by org.testng.reporters.JUnitXMLReporter -->
<testsuite hostname="DESKTOP-HR6DLCF" ignored="1" name="TC-01,TC-02 / Super Login" tests="12" failures="0" timestamp="20 Aug 2017 18:33:06 GMT" time="51.878" errors="0">
  <testcase name="Test_Login_Admin" time="0.004" classname="test_cases.Login_Test"/>
  <testcase name="Test_Login_Admin" time="19.182" classname="test_cases.Login_Test"/>
  <testcase name="Test_Login_Admin" time="0.429" classname="test_cases.Login_Test"/>
  <testcase name="Test_Login_Admin" time="2.01" classname="test_cases.Login_Test"/>
  <testcase name="Test_Login_Admin" time="0.472" classname="test_cases.Login_Test"/>
  <testcase name="Test_Login_Admin" time="0.889" classname="test_cases.Login_Test"/>
  <testcase name="Test_Login_Admin" time="6.469" classname="test_cases.Login_Test"/>
  <testcase name="Test_Login_Admin" time="1.637" classname="test_cases.Login_Test"/>
  <testcase name="Test_LogOut" time="0.0" classname="test_cases.Logout_Test"/>
  <testcase name="Test_LogOut" time="0.549" classname="test_cases.Logout_Test"/>
  <testcase name="Test_LogOut" time="3.308" classname="test_cases.Logout_Test"/>
  <testcase name="Test_LogOut" time="2.008" classname="test_cases.Logout_Test"/>
  <testcase name="Test_Login" time="0.0" classname="test_cases.Login_Test">
    <ignored/>
  </testcase> <!-- Test_Login -->
</testsuite> <!-- TC-01,TC-02 / Super Login -->
