<?xml version="1.0" encoding="UTF-8"?>
<!-- Generated by org.testng.reporters.JUnitXMLReporter -->
<testsuite hostname="DESKTOP-HR6DLCF" ignored="1" name="Transport Tab ADD" tests="11" failures="0" timestamp="13 Aug 2017 02:36:04 GMT" time="19.417" errors="0">
  <testcase name="Test_Login_Admin" time="0.02" classname="test_cases.Login_Test"/>
  <testcase name="Test_Login_Admin" time="1.325" classname="test_cases.Login_Test"/>
  <testcase name="Test_Login_Admin" time="0.127" classname="test_cases.Login_Test"/>
  <testcase name="Test_Login_Admin" time="2.002" classname="test_cases.Login_Test"/>
  <testcase name="Test_Login_Admin" time="0.253" classname="test_cases.Login_Test"/>
  <testcase name="Test_Login_Admin" time="0.057" classname="test_cases.Login_Test"/>
  <testcase name="Test_Login_Admin" time="3.143" classname="test_cases.Login_Test"/>
  <testcase name="Test_Login_Admin" time="1.539" classname="test_cases.Login_Test"/>
  <testcase name="Test_Transport_AddMedium" time="0.002" classname="test_cases.Admin_Tests"/>
  <testcase name="Test_Transport_AddMedium" time="0.123" classname="test_cases.Admin_Tests"/>
  <testcase name="Test_Transport_AddMedium" time="0.629" classname="test_cases.Admin_Tests"/>
  <testcase name="Test_Login" time="0.0" classname="test_cases.Login_Test">
    <ignored/>
  </testcase> <!-- Test_Login -->
</testsuite> <!-- Transport Tab ADD -->
