<?xml version="1.0" encoding="UTF-8"?>
<!-- Generated by org.testng.reporters.JUnitXMLReporter -->
<testsuite hostname="DESKTOP-HR6DLCF" ignored="1" name="TC-01,TC-02 / Super Login" tests="8" failures="0" timestamp="12 Aug 2017 22:52:14 GMT" time="16.71" errors="0">
  <testcase name="Test_Login_Admin" time="0.006" classname="test_cases.Login_Test"/>
  <testcase name="Test_Login_Admin" time="3.78" classname="test_cases.Login_Test"/>
  <testcase name="Test_Login_Admin" time="0.104" classname="test_cases.Login_Test"/>
  <testcase name="Test_Login_Admin" time="2.007" classname="test_cases.Login_Test"/>
  <testcase name="Test_Login_Admin" time="0.388" classname="test_cases.Login_Test"/>
  <testcase name="Test_Login_Admin" time="0.113" classname="test_cases.Login_Test"/>
  <testcase name="Test_Login_Admin" time="1.05" classname="test_cases.Login_Test"/>
  <testcase name="Test_Login_Admin" time="1.521" classname="test_cases.Login_Test"/>
  <testcase name="Test_Login" time="0.0" classname="test_cases.Login_Test">
    <ignored/>
  </testcase> <!-- Test_Login -->
</testsuite> <!-- TC-01,TC-02 / Super Login -->
