<?xml version="1.0" encoding="UTF-8"?>
<!-- Generated by org.testng.reporters.JUnitXMLReporter -->
<testsuite hostname="DESKTOP-HR6DLCF" ignored="1" name="TC-01,TC-02 / Super Login" tests="3" failures="0" timestamp="27 Jul 2017 19:58:11 GMT" time="0.067" errors="0">
  <testcase name="LoadBrowser" time="0.0" classname="all_operations.Browser_Config">
    <skipped/>
  </testcase> <!-- LoadBrowser -->
  <testcase name="Test_Login_Admin" time="0.0" classname="test_cases.Login">
    <skipped/>
  </testcase> <!-- Test_Login_Admin -->
  <testcase name="Test_LogOut" time="0.0" classname="test_cases.Logout">
    <skipped/>
  </testcase> <!-- Test_LogOut -->
  <testcase name="Test_Login" time="0.0" classname="test_cases.Login">
    <ignored/>
  </testcase> <!-- Test_Login -->
</testsuite> <!-- TC-01,TC-02 / Super Login -->
