<?xml version="1.0" encoding="UTF-8"?>
<!-- Generated by org.testng.reporters.JUnitXMLReporter -->
<testsuite hostname="DESKTOP-HR6DLCF" ignored="1" name="TC-01,TC-02 / Super Login" tests="13" failures="0" timestamp="07 Aug 2017 05:10:25 GMT" time="18.086" errors="0">
  <testcase name="LoadBrowser" time="0.007" classname="all_operations.Browser_Config"/>
  <testcase name="LoadBrowser" time="6.766" classname="all_operations.Browser_Config"/>
  <testcase name="load_url" time="3.711" classname="all_operations.Browser_Config"/>
  <testcase name="Test_Login_Admin" time="0.009" classname="test_cases.Login_Test"/>
  <testcase name="Test_Login_Admin" time="0.092" classname="test_cases.Login_Test"/>
  <testcase name="Test_Login_Admin" time="2.011" classname="test_cases.Login_Test"/>
  <testcase name="Test_Login_Admin" time="0.18" classname="test_cases.Login_Test"/>
  <testcase name="Test_Login_Admin" time="0.063" classname="test_cases.Login_Test"/>
  <testcase name="Test_Login_Admin" time="1.585" classname="test_cases.Login_Test"/>
  <testcase name="Test_Login_Admin" time="1.589" classname="test_cases.Login_Test"/>
  <testcase name="Test_LogOut" time="0.005" classname="test_cases.Logout_Test"/>
  <testcase name="Test_LogOut" time="0.281" classname="test_cases.Logout_Test"/>
  <testcase name="Test_LogOut" time="0.901" classname="test_cases.Logout_Test"/>
  <testcase name="Test_Login" time="0.0" classname="test_cases.Login_Test">
    <ignored/>
  </testcase> <!-- Test_Login -->
</testsuite> <!-- TC-01,TC-02 / Super Login -->
