<?xml version="1.0" encoding="UTF-8"?>
<testng-results skipped="0" failed="0" ignored="1" total="12" passed="11">
  <reporter-output>
  </reporter-output>
  <suite name="Functional Testing - Admin-Transport Tab" duration-ms="18984" started-at="2017-08-13T00:28:43Z" finished-at="2017-08-13T00:29:02Z">
    <groups>
    </groups>
    <test name="Transport Tab ADD" duration-ms="18984" started-at="2017-08-13T00:28:43Z" finished-at="2017-08-13T00:29:02Z">
      <class name="test_cases.Login_Test">
        <test-method status="PASS" signature="Test_Login_Admin(java.lang.String, java.lang.String, java.lang.String, java.lang.String)[pri:0, instance:test_cases.Login_Test@6adede5]" name="Test_Login_Admin" duration-ms="4" started-at="2017-08-12T20:28:51Z" data-provider="AdminLogin" finished-at="2017-08-12T20:28:51Z">
          <params>
            <param index="0">
              <value>
                <![CDATA[Keyword]]>
              </value>
            </param>
            <param index="1">
              <value>
                <![CDATA[Object name]]>
              </value>
            </param>
            <param index="2">
              <value>
                <![CDATA[Object type]]>
              </value>
            </param>
            <param index="3">
              <value>
                <![CDATA[Input]]>
              </value>
            </param>
          </params>
          <reporter-output>
          </reporter-output>
        </test-method> <!-- Test_Login_Admin -->
        <test-method status="PASS" signature="Test_Login_Admin(java.lang.String, java.lang.String, java.lang.String, java.lang.String)[pri:0, instance:test_cases.Login_Test@6adede5]" name="Test_Login_Admin" duration-ms="1409" started-at="2017-08-12T20:28:51Z" data-provider="AdminLogin" finished-at="2017-08-12T20:28:53Z">
          <params>
            <param index="0">
              <value>
                <![CDATA[GO2URL]]>
              </value>
            </param>
            <param index="1">
              <value>
                <![CDATA[]]>
              </value>
            </param>
            <param index="2">
              <value>
                <![CDATA[]]>
              </value>
            </param>
            <param index="3">
              <value>
                <![CDATA[url]]>
              </value>
            </param>
          </params>
          <reporter-output>
          </reporter-output>
        </test-method> <!-- Test_Login_Admin -->
        <test-method status="PASS" signature="Test_Login_Admin(java.lang.String, java.lang.String, java.lang.String, java.lang.String)[pri:0, instance:test_cases.Login_Test@6adede5]" name="Test_Login_Admin" duration-ms="100" started-at="2017-08-12T20:28:53Z" data-provider="AdminLogin" finished-at="2017-08-12T20:28:53Z">
          <params>
            <param index="0">
              <value>
                <![CDATA[JS CLICK]]>
              </value>
            </param>
            <param index="1">
              <value>
                <![CDATA[login]]>
              </value>
            </param>
            <param index="2">
              <value>
                <![CDATA[CSS]]>
              </value>
            </param>
            <param index="3">
              <value>
                <![CDATA[]]>
              </value>
            </param>
          </params>
          <reporter-output>
          </reporter-output>
        </test-method> <!-- Test_Login_Admin -->
        <test-method status="PASS" signature="Test_Login_Admin(java.lang.String, java.lang.String, java.lang.String, java.lang.String)[pri:0, instance:test_cases.Login_Test@6adede5]" name="Test_Login_Admin" duration-ms="2002" started-at="2017-08-12T20:28:53Z" data-provider="AdminLogin" finished-at="2017-08-12T20:28:55Z">
          <params>
            <param index="0">
              <value>
                <![CDATA[EWAIT]]>
              </value>
            </param>
            <param index="1">
              <value>
                <![CDATA[]]>
              </value>
            </param>
            <param index="2">
              <value>
                <![CDATA[]]>
              </value>
            </param>
            <param index="3">
              <value>
                <![CDATA[]]>
              </value>
            </param>
          </params>
          <reporter-output>
          </reporter-output>
        </test-method> <!-- Test_Login_Admin -->
        <test-method status="PASS" signature="Test_Login_Admin(java.lang.String, java.lang.String, java.lang.String, java.lang.String)[pri:0, instance:test_cases.Login_Test@6adede5]" name="Test_Login_Admin" duration-ms="290" started-at="2017-08-12T20:28:55Z" data-provider="AdminLogin" finished-at="2017-08-12T20:28:55Z">
          <params>
            <param index="0">
              <value>
                <![CDATA[SETTEXT]]>
              </value>
            </param>
            <param index="1">
              <value>
                <![CDATA[user]]>
              </value>
            </param>
            <param index="2">
              <value>
                <![CDATA[CSS]]>
              </value>
            </param>
            <param index="3">
              <value>
                <![CDATA[waqas+1@blueorcastudios.com]]>
              </value>
            </param>
          </params>
          <reporter-output>
          </reporter-output>
        </test-method> <!-- Test_Login_Admin -->
        <test-method status="PASS" signature="Test_Login_Admin(java.lang.String, java.lang.String, java.lang.String, java.lang.String)[pri:0, instance:test_cases.Login_Test@6adede5]" name="Test_Login_Admin" duration-ms="49" started-at="2017-08-12T20:28:55Z" data-provider="AdminLogin" finished-at="2017-08-12T20:28:55Z">
          <params>
            <param index="0">
              <value>
                <![CDATA[SETTEXT]]>
              </value>
            </param>
            <param index="1">
              <value>
                <![CDATA[password]]>
              </value>
            </param>
            <param index="2">
              <value>
                <![CDATA[CSS]]>
              </value>
            </param>
            <param index="3">
              <value>
                <![CDATA[aaa@123]]>
              </value>
            </param>
          </params>
          <reporter-output>
          </reporter-output>
        </test-method> <!-- Test_Login_Admin -->
        <test-method status="PASS" signature="Test_Login_Admin(java.lang.String, java.lang.String, java.lang.String, java.lang.String)[pri:0, instance:test_cases.Login_Test@6adede5]" name="Test_Login_Admin" duration-ms="2052" started-at="2017-08-12T20:28:55Z" data-provider="AdminLogin" finished-at="2017-08-12T20:28:57Z">
          <params>
            <param index="0">
              <value>
                <![CDATA[CLICK]]>
              </value>
            </param>
            <param index="1">
              <value>
                <![CDATA[Signin_btn]]>
              </value>
            </param>
            <param index="2">
              <value>
                <![CDATA[CSS]]>
              </value>
            </param>
            <param index="3">
              <value>
                <![CDATA[]]>
              </value>
            </param>
          </params>
          <reporter-output>
          </reporter-output>
        </test-method> <!-- Test_Login_Admin -->
        <test-method status="PASS" signature="Test_Login_Admin(java.lang.String, java.lang.String, java.lang.String, java.lang.String)[pri:0, instance:test_cases.Login_Test@6adede5]" name="Test_Login_Admin" duration-ms="1569" started-at="2017-08-12T20:28:57Z" data-provider="AdminLogin" finished-at="2017-08-12T20:28:59Z">
          <params>
            <param index="0">
              <value>
                <![CDATA[ASSERT-URL]]>
              </value>
            </param>
            <param index="1">
              <value>
                <![CDATA[]]>
              </value>
            </param>
            <param index="2">
              <value>
                <![CDATA[]]>
              </value>
            </param>
            <param index="3">
              <value>
                <![CDATA[https://fmlcb.shaalmi.pk/admin/dashboard]]>
              </value>
            </param>
          </params>
          <reporter-output>
          </reporter-output>
        </test-method> <!-- Test_Login_Admin -->
      </class> <!-- test_cases.Login_Test -->
      <class name="all_operations.Base">
        <test-method status="PASS" signature="browser_init(java.lang.String)[pri:0, instance:all_operations.Base@5649fd9b]" name="browser_init" is-config="true" duration-ms="7543" started-at="2017-08-12T20:28:43Z" finished-at="2017-08-12T20:28:51Z">
          <params>
            <param index="0">
              <value>
                <![CDATA[FIREFOX]]>
              </value>
            </param>
          </params>
          <reporter-output>
          </reporter-output>
        </test-method> <!-- browser_init -->
        <test-method status="PASS" signature="close_driver()[pri:0, instance:all_operations.Base@5649fd9b]" name="close_driver" is-config="true" duration-ms="2365" started-at="2017-08-12T20:29:00Z" finished-at="2017-08-12T20:29:02Z">
          <reporter-output>
          </reporter-output>
        </test-method> <!-- close_driver -->
      </class> <!-- all_operations.Base -->
      <class name="test_cases.Admin_Tests">
        <test-method status="PASS" signature="Test_Transport_AddMedium(java.lang.String, java.lang.String, java.lang.String, java.lang.String)[pri:0, instance:test_cases.Admin_Tests@2d928643]" name="Test_Transport_AddMedium" duration-ms="1" started-at="2017-08-12T20:28:59Z" data-provider="Admin_TransportTab" finished-at="2017-08-12T20:28:59Z">
          <params>
            <param index="0">
              <value>
                <![CDATA[Keyword]]>
              </value>
            </param>
            <param index="1">
              <value>
                <![CDATA[Object name]]>
              </value>
            </param>
            <param index="2">
              <value>
                <![CDATA[Object type]]>
              </value>
            </param>
            <param index="3">
              <value>
                <![CDATA[Input]]>
              </value>
            </param>
          </params>
          <reporter-output>
          </reporter-output>
        </test-method> <!-- Test_Transport_AddMedium -->
        <test-method status="PASS" signature="Test_Transport_AddMedium(java.lang.String, java.lang.String, java.lang.String, java.lang.String)[pri:0, instance:test_cases.Admin_Tests@2d928643]" name="Test_Transport_AddMedium" duration-ms="100" started-at="2017-08-12T20:28:59Z" data-provider="Admin_TransportTab" finished-at="2017-08-12T20:28:59Z">
          <params>
            <param index="0">
              <value>
                <![CDATA[CLICK]]>
              </value>
            </param>
            <param index="1">
              <value>
                <![CDATA[Configuration]]>
              </value>
            </param>
            <param index="2">
              <value>
                <![CDATA[CSS]]>
              </value>
            </param>
            <param index="3">
              <value>
                <![CDATA[]]>
              </value>
            </param>
          </params>
          <reporter-output>
          </reporter-output>
        </test-method> <!-- Test_Transport_AddMedium -->
        <test-method status="PASS" signature="Test_Transport_AddMedium(java.lang.String, java.lang.String, java.lang.String, java.lang.String)[pri:0, instance:test_cases.Admin_Tests@2d928643]" name="Test_Transport_AddMedium" duration-ms="587" started-at="2017-08-12T20:28:59Z" data-provider="Admin_TransportTab" finished-at="2017-08-12T20:29:00Z">
          <params>
            <param index="0">
              <value>
                <![CDATA[CLICK]]>
              </value>
            </param>
            <param index="1">
              <value>
                <![CDATA[Transport]]>
              </value>
            </param>
            <param index="2">
              <value>
                <![CDATA[XPATH]]>
              </value>
            </param>
            <param index="3">
              <value>
                <![CDATA[]]>
              </value>
            </param>
          </params>
          <reporter-output>
          </reporter-output>
        </test-method> <!-- Test_Transport_AddMedium -->
      </class> <!-- test_cases.Admin_Tests -->
    </test> <!-- Transport Tab ADD -->
  </suite> <!-- Functional Testing - Admin-Transport Tab -->
</testng-results>
