<?xml version="1.0" encoding="UTF-8"?>
<!-- Generated by org.testng.reporters.JUnitXMLReporter -->
<testsuite hostname="DESKTOP-HR6DLCF" ignored="1" name="TC-01,TC-02 / Super Login" tests="11" failures="0" timestamp="31 Jul 2017 01:48:14 GMT" time="15.688" errors="0">
  <testcase name="LoadBrowser" time="0.003" classname="all_operations.Browser_Config"/>
  <testcase name="LoadBrowser" time="11.889" classname="all_operations.Browser_Config"/>
  <testcase name="Test_Login_Admin" time="0.0" classname="test_cases.Login_Test"/>
  <testcase name="Test_Login_Admin" time="0.067" classname="test_cases.Login_Test"/>
  <testcase name="Test_Login_Admin" time="0.363" classname="test_cases.Login_Test"/>
  <testcase name="Test_Login_Admin" time="0.104" classname="test_cases.Login_Test"/>
  <testcase name="Test_Login_Admin" time="1.822" classname="test_cases.Login_Test"/>
  <testcase name="Test_Login_Admin" time="0.543" classname="test_cases.Login_Test"/>
  <testcase name="Test_LogOut" time="0.0" classname="test_cases.Logout_Test"/>
  <testcase name="Test_LogOut" time="0.104" classname="test_cases.Logout_Test"/>
  <testcase name="Test_LogOut" time="0.093" classname="test_cases.Logout_Test"/>
  <testcase name="Test_Login" time="0.0" classname="test_cases.Login_Test">
    <ignored/>
  </testcase> <!-- Test_Login -->
</testsuite> <!-- TC-01,TC-02 / Super Login -->
